1562761220013	mozrunner::runner	INFO	Running command: "/usr/bin/firefox" "-marionette" "-foreground" "-no-remote" "-profile" "/tmp/rust_mozprofile.o52BlreK7fEU"
1562761225294	Marionette	INFO	Listening on port 39001
1562761225342	Marionette	WARN	TLS certificate errors will be ignored for this session

(/usr/lib/firefox-esr/firefox-esr:5842): dconf-WARNING **: Unable to open /var/lib/snapd/desktop/dconf/profile/user: Permission denied
JavaScript error: jar:file:///usr/lib/firefox-esr/omni.ja!/components/PeerConnection.js, line 1813: TypeError: this._dompc._pc is undefined
JavaScript error: jar:file:///usr/lib/firefox-esr/omni.ja!/components/PeerConnection.js, line 1813: TypeError: this._dompc._pc is undefined
JavaScript error: jar:file:///usr/lib/firefox-esr/omni.ja!/components/PeerConnection.js, line 1813: TypeError: this._dompc._pc is undefined
JavaScript error: jar:file:///usr/lib/firefox-esr/omni.ja!/components/PeerConnection.js, line 1813: TypeError: this._dompc._pc is undefined
JavaScript error: jar:file:///usr/lib/firefox-esr/omni.ja!/components/PeerConnection.js, line 1813: TypeError: this._dompc._pc is undefined
console.log: Accessibility service init or shutdown observer does not exist.
*** UTM:SVC TimerManager:registerTimer called after profile-before-change notification. Ignoring timer registration for id: telemetry_modules_ping
1562761283084	mozrunner::runner	INFO	Running command: "/usr/bin/firefox" "-marionette" "-foreground" "-no-remote" "-profile" "/tmp/rust_mozprofile.lVO52E01yc7Q"
1562761287834	Marionette	INFO	Listening on port 34063
1562761287904	Marionette	WARN	TLS certificate errors will be ignored for this session

(/usr/lib/firefox-esr/firefox-esr:6075): dconf-WARNING **: Unable to open /var/lib/snapd/desktop/dconf/profile/user: Permission denied
JavaScript error: jar:file:///usr/lib/firefox-esr/omni.ja!/components/PeerConnection.js, line 1813: TypeError: this._dompc._pc is undefined
JavaScript error: jar:file:///usr/lib/firefox-esr/omni.ja!/components/PeerConnection.js, line 1813: TypeError: this._dompc._pc is undefined
JavaScript error: jar:file:///usr/lib/firefox-esr/omni.ja!/components/PeerConnection.js, line 1813: TypeError: this._dompc._pc is undefined
JavaScript error: jar:file:///usr/lib/firefox-esr/omni.ja!/components/PeerConnection.js, line 1813: TypeError: this._dompc._pc is undefined
JavaScript error: jar:file:///usr/lib/firefox-esr/omni.ja!/components/PeerConnection.js, line 1813: TypeError: this._dompc._pc is undefined
JavaScript error: jar:file:///usr/lib/firefox-esr/omni.ja!/components/PeerConnection.js, line 1813: TypeError: this._dompc._pc is undefined
JavaScript error: jar:file:///usr/lib/firefox-esr/omni.ja!/components/PeerConnection.js, line 1813: TypeError: this._dompc._pc is undefined
JavaScript error: jar:file:///usr/lib/firefox-esr/omni.ja!/components/PeerConnection.js, line 1813: TypeError: this._dompc._pc is undefined
JavaScript error: jar:file:///usr/lib/firefox-esr/omni.ja!/components/PeerConnection.js, line 1813: TypeError: this._dompc._pc is undefined
JavaScript error: jar:file:///usr/lib/firefox-esr/omni.ja!/components/PeerConnection.js, line 1813: TypeError: this._dompc._pc is undefined
JavaScript error: jar:file:///usr/lib/firefox-esr/omni.ja!/components/PeerConnection.js, line 1813: TypeError: this._dompc._pc is undefined
JavaScript error: jar:file:///usr/lib/firefox-esr/omni.ja!/components/PeerConnection.js, line 1813: TypeError: this._dompc._pc is undefined
JavaScript error: jar:file:///usr/lib/firefox-esr/omni.ja!/components/PeerConnection.js, line 1813: TypeError: this._dompc._pc is undefined
JavaScript error: jar:file:///usr/lib/firefox-esr/omni.ja!/components/PeerConnection.js, line 1813: TypeError: this._dompc._pc is undefined
JavaScript error: jar:file:///usr/lib/firefox-esr/omni.ja!/components/PeerConnection.js, line 1813: TypeError: this._dompc._pc is undefined
JavaScript error: jar:file:///usr/lib/firefox-esr/omni.ja!/components/PeerConnection.js, line 1813: TypeError: this._dompc._pc is undefined
console.log: Accessibility service init or shutdown observer does not exist.
*** UTM:SVC TimerManager:registerTimer called after profile-before-change notification. Ignoring timer registration for id: telemetry_modules_ping
1562761401302	mozrunner::runner	INFO	Running command: "/usr/bin/firefox" "-marionette" "-foreground" "-no-remote" "-profile" "/tmp/rust_mozprofile.eYJWfnt7OLeo"
1562761407001	Marionette	INFO	Listening on port 33627
1562761407035	Marionette	WARN	TLS certificate errors will be ignored for this session

(/usr/lib/firefox-esr/firefox-esr:6292): dconf-WARNING **: Unable to open /var/lib/snapd/desktop/dconf/profile/user: Permission denied
JavaScript error: jar:file:///usr/lib/firefox-esr/omni.ja!/components/PeerConnection.js, line 1813: TypeError: this._dompc._pc is undefined
JavaScript error: jar:file:///usr/lib/firefox-esr/omni.ja!/components/PeerConnection.js, line 1813: TypeError: this._dompc._pc is undefined
JavaScript error: jar:file:///usr/lib/firefox-esr/omni.ja!/components/PeerConnection.js, line 1813: TypeError: this._dompc._pc is undefined
JavaScript error: jar:file:///usr/lib/firefox-esr/omni.ja!/components/PeerConnection.js, line 1813: TypeError: this._dompc._pc is undefined
JavaScript error: jar:file:///usr/lib/firefox-esr/omni.ja!/components/PeerConnection.js, line 1813: TypeError: this._dompc._pc is undefined
JavaScript error: jar:file:///usr/lib/firefox-esr/omni.ja!/components/PeerConnection.js, line 1813: TypeError: this._dompc._pc is undefined
JavaScript error: jar:file:///usr/lib/firefox-esr/omni.ja!/components/PeerConnection.js, line 1813: TypeError: this._dompc._pc is undefined
JavaScript error: jar:file:///usr/lib/firefox-esr/omni.ja!/components/PeerConnection.js, line 1813: TypeError: this._dompc._pc is undefined
JavaScript error: jar:file:///usr/lib/firefox-esr/omni.ja!/components/PeerConnection.js, line 1813: TypeError: this._dompc._pc is undefined
JavaScript error: jar:file:///usr/lib/firefox-esr/omni.ja!/components/PeerConnection.js, line 1813: TypeError: this._dompc._pc is undefined
JavaScript error: jar:file:///usr/lib/firefox-esr/omni.ja!/components/PeerConnection.js, line 1813: TypeError: this._dompc._pc is undefined
JavaScript error: jar:file:///usr/lib/firefox-esr/omni.ja!/components/PeerConnection.js, line 1813: TypeError: this._dompc._pc is undefined
JavaScript error: jar:file:///usr/lib/firefox-esr/omni.ja!/components/PeerConnection.js, line 1813: TypeError: this._dompc._pc is undefined
JavaScript error: jar:file:///usr/lib/firefox-esr/omni.ja!/components/PeerConnection.js, line 1813: TypeError: this._dompc._pc is undefined
JavaScript error: jar:file:///usr/lib/firefox-esr/omni.ja!/components/PeerConnection.js, line 1813: TypeError: this._dompc._pc is undefined
JavaScript error: jar:file:///usr/lib/firefox-esr/omni.ja!/components/PeerConnection.js, line 1813: TypeError: this._dompc._pc is undefined
JavaScript error: jar:file:///usr/lib/firefox-esr/omni.ja!/components/PeerConnection.js, line 1813: TypeError: this._dompc._pc is undefined
JavaScript error: jar:file:///usr/lib/firefox-esr/omni.ja!/components/PeerConnection.js, line 1813: TypeError: this._dompc._pc is undefined
JavaScript error: jar:file:///usr/lib/firefox-esr/omni.ja!/components/PeerConnection.js, line 1813: TypeError: this._dompc._pc is undefined
1562761459790	mozrunner::runner	INFO	Running command: "/usr/bin/firefox" "-marionette" "-foreground" "-no-remote" "-profile" "/tmp/rust_mozprofile.GvH4BpLgWNlK"
console.log: Accessibility service init or shutdown observer does not exist.
*** UTM:SVC TimerManager:registerTimer called after profile-before-change notification. Ignoring timer registration for id: telemetry_modules_ping
1562761464976	Marionette	INFO	Listening on port 42541
1562761465018	Marionette	WARN	TLS certificate errors will be ignored for this session

(/usr/lib/firefox-esr/firefox-esr:6520): dconf-WARNING **: Unable to open /var/lib/snapd/desktop/dconf/profile/user: Permission denied
JavaScript error: jar:file:///usr/lib/firefox-esr/omni.ja!/components/PeerConnection.js, line 1813: TypeError: this._dompc._pc is undefined
JavaScript error: jar:file:///usr/lib/firefox-esr/omni.ja!/components/PeerConnection.js, line 1813: TypeError: this._dompc._pc is undefined
JavaScript error: jar:file:///usr/lib/firefox-esr/omni.ja!/components/PeerConnection.js, line 1813: TypeError: this._dompc._pc is undefined
JavaScript error: jar:file:///usr/lib/firefox-esr/omni.ja!/components/PeerConnection.js, line 1813: TypeError: this._dompc._pc is undefined
JavaScript error: jar:file:///usr/lib/firefox-esr/omni.ja!/components/PeerConnection.js, line 1813: TypeError: this._dompc._pc is undefined
JavaScript error: jar:file:///usr/lib/firefox-esr/omni.ja!/components/PeerConnection.js, line 1813: TypeError: this._dompc._pc is undefined
JavaScript error: jar:file:///usr/lib/firefox-esr/omni.ja!/components/PeerConnection.js, line 1813: TypeError: this._dompc._pc is undefined
JavaScript error: jar:file:///usr/lib/firefox-esr/omni.ja!/components/PeerConnection.js, line 1813: TypeError: this._dompc._pc is undefined
JavaScript error: jar:file:///usr/lib/firefox-esr/omni.ja!/components/PeerConnection.js, line 1813: TypeError: this._dompc._pc is undefined
JavaScript error: jar:file:///usr/lib/firefox-esr/omni.ja!/components/PeerConnection.js, line 1813: TypeError: this._dompc._pc is undefined
JavaScript error: jar:file:///usr/lib/firefox-esr/omni.ja!/components/PeerConnection.js, line 1813: TypeError: this._dompc._pc is undefined
JavaScript error: jar:file:///usr/lib/firefox-esr/omni.ja!/components/PeerConnection.js, line 1813: TypeError: this._dompc._pc is undefined
JavaScript error: jar:file:///usr/lib/firefox-esr/omni.ja!/components/PeerConnection.js, line 1813: TypeError: this._dompc._pc is undefined
JavaScript error: jar:file:///usr/lib/firefox-esr/omni.ja!/components/PeerConnection.js, line 1813: TypeError: this._dompc._pc is undefined
JavaScript error: jar:file:///usr/lib/firefox-esr/omni.ja!/components/PeerConnection.js, line 1813: TypeError: this._dompc._pc is undefined
JavaScript error: jar:file:///usr/lib/firefox-esr/omni.ja!/components/PeerConnection.js, line 1813: TypeError: this._dompc._pc is undefined
console.log: Accessibility service init or shutdown observer does not exist.
*** UTM:SVC TimerManager:registerTimer called after profile-before-change notification. Ignoring timer registration for id: telemetry_modules_ping
1562763509549	mozrunner::runner	INFO	Running command: "/usr/bin/firefox" "-marionette" "-foreground" "-no-remote" "-profile" "/tmp/rust_mozprofile.h9qIHkVc78KY"
1562763517599	Marionette	INFO	Listening on port 37633
1562763517718	Marionette	WARN	TLS certificate errors will be ignored for this session
1562763517932	mozrunner::runner	INFO	Running command: "/usr/bin/firefox" "-marionette" "-foreground" "-no-remote" "-profile" "/tmp/rust_mozprofile.etIPJsbT95aF"
1562763526836	Marionette	INFO	Listening on port 35047
1562763526865	Marionette	WARN	TLS certificate errors will be ignored for this session

(/usr/lib/firefox-esr/firefox-esr:7675): dconf-WARNING **: Unable to open /var/lib/snapd/desktop/dconf/profile/user: Permission denied
JavaScript error: jar:file:///usr/lib/firefox-esr/omni.ja!/components/PeerConnection.js, line 1813: TypeError: this._dompc._pc is undefined
JavaScript error: jar:file:///usr/lib/firefox-esr/omni.ja!/components/PeerConnection.js, line 1813: TypeError: this._dompc._pc is undefined
JavaScript error: jar:file:///usr/lib/firefox-esr/omni.ja!/components/PeerConnection.js, line 1813: TypeError: this._dompc._pc is undefined
JavaScript error: jar:file:///usr/lib/firefox-esr/omni.ja!/components/PeerConnection.js, line 1813: TypeError: this._dompc._pc is undefined
JavaScript error: jar:file:///usr/lib/firefox-esr/omni.ja!/components/PeerConnection.js, line 1813: TypeError: this._dompc._pc is undefined
JavaScript error: jar:file:///usr/lib/firefox-esr/omni.ja!/components/PeerConnection.js, line 1813: TypeError: this._dompc._pc is undefined
JavaScript error: jar:file:///usr/lib/firefox-esr/omni.ja!/components/PeerConnection.js, line 1813: TypeError: this._dompc._pc is undefined
JavaScript error: jar:file:///usr/lib/firefox-esr/omni.ja!/components/PeerConnection.js, line 1813: TypeError: this._dompc._pc is undefined
JavaScript error: jar:file:///usr/lib/firefox-esr/omni.ja!/components/PeerConnection.js, line 1813: TypeError: this._dompc._pc is undefined
JavaScript error: jar:file:///usr/lib/firefox-esr/omni.ja!/components/PeerConnection.js, line 1813: TypeError: this._dompc._pc is undefined
JavaScript error: jar:file:///usr/lib/firefox-esr/omni.ja!/components/PeerConnection.js, line 1813: TypeError: this._dompc._pc is undefined
JavaScript error: jar:file:///usr/lib/firefox-esr/omni.ja!/components/PeerConnection.js, line 1813: TypeError: this._dompc._pc is undefined
JavaScript error: jar:file:///usr/lib/firefox-esr/omni.ja!/components/PeerConnection.js, line 1813: TypeError: this._dompc._pc is undefined
JavaScript error: jar:file:///usr/lib/firefox-esr/omni.ja!/components/PeerConnection.js, line 1813: TypeError: this._dompc._pc is undefined
JavaScript error: jar:file:///usr/lib/firefox-esr/omni.ja!/components/PeerConnection.js, line 1813: TypeError: this._dompc._pc is undefined
JavaScript error: jar:file:///usr/lib/firefox-esr/omni.ja!/components/PeerConnection.js, line 1813: TypeError: this._dompc._pc is undefined
JavaScript error: jar:file:///usr/lib/firefox-esr/omni.ja!/components/PeerConnection.js, line 1813: TypeError: this._dompc._pc is undefined
console.log: Accessibility service init or shutdown observer does not exist.
*** UTM:SVC TimerManager:registerTimer called after profile-before-change notification. Ignoring timer registration for id: telemetry_modules_ping
console.log: Accessibility service init or shutdown observer does not exist.
1562764898034	mozrunner::runner	INFO	Running command: "/usr/bin/firefox" "-marionette" "-foreground" "-no-remote" "-profile" "/tmp/rust_mozprofile.l2hhgC9EtarA"
1562764919999	Marionette	INFO	Listening on port 33401
1562764920092	Marionette	WARN	TLS certificate errors will be ignored for this session
console.log: Accessibility service init or shutdown observer does not exist.
*** UTM:SVC TimerManager:registerTimer called after profile-before-change notification. Ignoring timer registration for id: telemetry_modules_ping
1562768185985	mozrunner::runner	INFO	Running command: "/usr/bin/firefox" "-marionette" "-foreground" "-no-remote" "-profile" "/tmp/rust_mozprofile.riMxA2OzW9QI"
1562768190591	Marionette	INFO	Listening on port 46073
1562768190625	Marionette	WARN	TLS certificate errors will be ignored for this session
1562768216812	mozrunner::runner	INFO	Running command: "/usr/bin/firefox" "-marionette" "-foreground" "-no-remote" "-profile" "/tmp/rust_mozprofile.DzwLo5yZi7iP"
console.log: Accessibility service init or shutdown observer does not exist.
*** UTM:SVC TimerManager:registerTimer called after profile-before-change notification. Ignoring timer registration for id: telemetry_modules_ping
1562768221623	Marionette	INFO	Listening on port 42279
1562768221657	Marionette	WARN	TLS certificate errors will be ignored for this session
console.log: Accessibility service init or shutdown observer does not exist.
*** UTM:SVC TimerManager:registerTimer called after profile-before-change notification. Ignoring timer registration for id: telemetry_modules_ping
1562768247915	mozrunner::runner	INFO	Running command: "/usr/bin/firefox" "-marionette" "-foreground" "-no-remote" "-profile" "/tmp/rust_mozprofile.1sFxoQeQ8zp4"
1562768252303	Marionette	INFO	Listening on port 34685
1562768252334	Marionette	WARN	TLS certificate errors will be ignored for this session
console.log: Accessibility service init or shutdown observer does not exist.
*** UTM:SVC TimerManager:registerTimer called after profile-before-change notification. Ignoring timer registration for id: telemetry_modules_ping
1562768335648	mozrunner::runner	INFO	Running command: "/usr/bin/firefox" "-marionette" "-foreground" "-no-remote" "-profile" "/tmp/rust_mozprofile.PR2JGQztnN4I"
1562768340498	Marionette	INFO	Listening on port 33497
1562768340589	Marionette	WARN	TLS certificate errors will be ignored for this session
console.log: Accessibility service init or shutdown observer does not exist.
*** UTM:SVC TimerManager:registerTimer called after profile-before-change notification. Ignoring timer registration for id: telemetry_modules_ping
1562769259409	mozrunner::runner	INFO	Running command: "/usr/bin/firefox" "-marionette" "-foreground" "-no-remote" "-profile" "/tmp/rust_mozprofile.Vr295RdIko4p"
1562769263718	Marionette	INFO	Listening on port 37471
1562769263733	Marionette	WARN	TLS certificate errors will be ignored for this session
console.log: Accessibility service init or shutdown observer does not exist.
*** UTM:SVC TimerManager:registerTimer called after profile-before-change notification. Ignoring timer registration for id: telemetry_modules_ping
1562769299974	mozrunner::runner	INFO	Running command: "/usr/bin/firefox" "-marionette" "-foreground" "-no-remote" "-profile" "/tmp/rust_mozprofile.orMKR8V6MwIB"
1562769304614	Marionette	INFO	Listening on port 40995
1562769304696	Marionette	WARN	TLS certificate errors will be ignored for this session
console.log: Accessibility service init or shutdown observer does not exist.
*** UTM:SVC TimerManager:registerTimer called after profile-before-change notification. Ignoring timer registration for id: telemetry_modules_ping
1562769317057	mozrunner::runner	INFO	Running command: "/usr/bin/firefox" "-marionette" "-foreground" "-no-remote" "-profile" "/tmp/rust_mozprofile.xf1TwM6Pt3nz"
1562769321462	Marionette	INFO	Listening on port 44555
1562769321485	Marionette	WARN	TLS certificate errors will be ignored for this session
console.log: Accessibility service init or shutdown observer does not exist.
*** UTM:SVC TimerManager:registerTimer called after profile-before-change notification. Ignoring timer registration for id: telemetry_modules_ping
1562771248643	mozrunner::runner	INFO	Running command: "/usr/bin/firefox" "-marionette" "-foreground" "-no-remote" "-profile" "/tmp/rust_mozprofile.5MTbPvk0d2ag"
1562771253786	Marionette	INFO	Listening on port 43945
1562771253806	Marionette	WARN	TLS certificate errors will be ignored for this session
console.log: Accessibility service init or shutdown observer does not exist.
*** UTM:SVC TimerManager:registerTimer called after profile-before-change notification. Ignoring timer registration for id: telemetry_modules_ping
