1562764782544	mozrunner::runner	INFO	Running command: "/usr/bin/firefox" "-marionette" "-foreground" "-no-remote" "-profile" "/tmp/rust_mozprofile.Nsmaqhfff7hQ"
1562764793405	Marionette	INFO	Listening on port 36921
1562764793477	Marionette	WARN	TLS certificate errors will be ignored for this session
1562764793780	mozrunner::runner	INFO	Running command: "/usr/bin/firefox" "-marionette" "-foreground" "-no-remote" "-profile" "/tmp/rust_mozprofile.pANHHTkqgXGD"
1562764801307	Marionette	INFO	Listening on port 42149
1562764801418	Marionette	WARN	TLS certificate errors will be ignored for this session
1562764802133	mozrunner::runner	INFO	Running command: "/usr/bin/firefox" "-marionette" "-foreground" "-no-remote" "-profile" "/tmp/rust_mozprofile.M0LD0lGjKfER"
1562764812478	Marionette	INFO	Listening on port 43489
1562764812607	Marionette	WARN	TLS certificate errors will be ignored for this session

(/usr/lib/firefox-esr/firefox-esr:9502): dconf-WARNING **: Unable to open /var/lib/snapd/desktop/dconf/profile/user: Permission denied
JavaScript error: jar:file:///usr/lib/firefox-esr/omni.ja!/components/PeerConnection.js, line 1813: TypeError: this._dompc._pc is undefined
JavaScript error: jar:file:///usr/lib/firefox-esr/omni.ja!/components/PeerConnection.js, line 1813: TypeError: this._dompc._pc is undefined
JavaScript error: jar:file:///usr/lib/firefox-esr/omni.ja!/components/PeerConnection.js, line 1813: TypeError: this._dompc._pc is undefined
JavaScript error: jar:file:///usr/lib/firefox-esr/omni.ja!/components/PeerConnection.js, line 1813: TypeError: this._dompc._pc is undefined
JavaScript error: jar:file:///usr/lib/firefox-esr/omni.ja!/components/PeerConnection.js, line 1813: TypeError: this._dompc._pc is undefined
JavaScript error: jar:file:///usr/lib/firefox-esr/omni.ja!/components/PeerConnection.js, line 1813: TypeError: this._dompc._pc is undefined
JavaScript error: jar:file:///usr/lib/firefox-esr/omni.ja!/components/PeerConnection.js, line 1813: TypeError: this._dompc._pc is undefined
JavaScript error: jar:file:///usr/lib/firefox-esr/omni.ja!/components/PeerConnection.js, line 1813: TypeError: this._dompc._pc is undefined
JavaScript error: jar:file:///usr/lib/firefox-esr/omni.ja!/components/PeerConnection.js, line 1813: TypeError: this._dompc._pc is undefined
JavaScript error: jar:file:///usr/lib/firefox-esr/omni.ja!/components/PeerConnection.js, line 1813: TypeError: this._dompc._pc is undefined
JavaScript error: jar:file:///usr/lib/firefox-esr/omni.ja!/components/PeerConnection.js, line 1813: TypeError: this._dompc._pc is undefined
JavaScript error: jar:file:///usr/lib/firefox-esr/omni.ja!/components/PeerConnection.js, line 1813: TypeError: this._dompc._pc is undefined
JavaScript error: jar:file:///usr/lib/firefox-esr/omni.ja!/components/PeerConnection.js, line 1813: TypeError: this._dompc._pc is undefined
JavaScript error: jar:file:///usr/lib/firefox-esr/omni.ja!/components/PeerConnection.js, line 1813: TypeError: this._dompc._pc is undefined
JavaScript error: jar:file:///usr/lib/firefox-esr/omni.ja!/components/PeerConnection.js, line 1813: TypeError: this._dompc._pc is undefined
JavaScript error: jar:file:///usr/lib/firefox-esr/omni.ja!/components/PeerConnection.js, line 1813: TypeError: this._dompc._pc is undefined
JavaScript error: jar:file:///usr/lib/firefox-esr/omni.ja!/components/PeerConnection.js, line 1813: TypeError: this._dompc._pc is undefined
console.log: Accessibility service init or shutdown observer does not exist.
*** UTM:SVC TimerManager:registerTimer called after profile-before-change notification. Ignoring timer registration for id: telemetry_modules_ping
console.log: Accessibility service init or shutdown observer does not exist.
console.log: Accessibility service init or shutdown observer does not exist.
1562764947677	mozrunner::runner	INFO	Running command: "/usr/bin/firefox" "-marionette" "-foreground" "-no-remote" "-profile" "/tmp/rust_mozprofile.ts5HCpuC3KSG"
1562764953429	Marionette	INFO	Listening on port 36555
1562764953502	Marionette	WARN	TLS certificate errors will be ignored for this session
1562764953657	mozrunner::runner	INFO	Running command: "/usr/bin/firefox" "-marionette" "-foreground" "-no-remote" "-profile" "/tmp/rust_mozprofile.MCfrXrOeI7cJ"
1562764962437	Marionette	INFO	Listening on port 46061
1562764962494	Marionette	WARN	TLS certificate errors will be ignored for this session
1562764963275	mozrunner::runner	INFO	Running command: "/usr/bin/firefox" "-marionette" "-foreground" "-no-remote" "-profile" "/tmp/rust_mozprofile.4N2hsKRk6OCO"
1562764970279	Marionette	INFO	Listening on port 46011
1562764970320	Marionette	WARN	TLS certificate errors will be ignored for this session

(/usr/lib/firefox-esr/firefox-esr:10223): dconf-WARNING **: Unable to open /var/lib/snapd/desktop/dconf/profile/user: Permission denied
JavaScript error: jar:file:///usr/lib/firefox-esr/omni.ja!/components/PeerConnection.js, line 1813: TypeError: this._dompc._pc is undefined
JavaScript error: jar:file:///usr/lib/firefox-esr/omni.ja!/components/PeerConnection.js, line 1813: TypeError: this._dompc._pc is undefined
JavaScript error: jar:file:///usr/lib/firefox-esr/omni.ja!/components/PeerConnection.js, line 1813: TypeError: this._dompc._pc is undefined
JavaScript error: jar:file:///usr/lib/firefox-esr/omni.ja!/components/PeerConnection.js, line 1813: TypeError: this._dompc._pc is undefined
JavaScript error: jar:file:///usr/lib/firefox-esr/omni.ja!/components/PeerConnection.js, line 1813: TypeError: this._dompc._pc is undefined
JavaScript error: jar:file:///usr/lib/firefox-esr/omni.ja!/components/PeerConnection.js, line 1813: TypeError: this._dompc._pc is undefined
JavaScript error: jar:file:///usr/lib/firefox-esr/omni.ja!/components/PeerConnection.js, line 1813: TypeError: this._dompc._pc is undefined
JavaScript error: jar:file:///usr/lib/firefox-esr/omni.ja!/components/PeerConnection.js, line 1813: TypeError: this._dompc._pc is undefined
JavaScript error: jar:file:///usr/lib/firefox-esr/omni.ja!/components/PeerConnection.js, line 1813: TypeError: this._dompc._pc is undefined
JavaScript error: jar:file:///usr/lib/firefox-esr/omni.ja!/components/PeerConnection.js, line 1813: TypeError: this._dompc._pc is undefined
JavaScript error: jar:file:///usr/lib/firefox-esr/omni.ja!/components/PeerConnection.js, line 1813: TypeError: this._dompc._pc is undefined
JavaScript error: jar:file:///usr/lib/firefox-esr/omni.ja!/components/PeerConnection.js, line 1813: TypeError: this._dompc._pc is undefined
JavaScript error: jar:file:///usr/lib/firefox-esr/omni.ja!/components/PeerConnection.js, line 1813: TypeError: this._dompc._pc is undefined
JavaScript error: jar:file:///usr/lib/firefox-esr/omni.ja!/components/PeerConnection.js, line 1813: TypeError: this._dompc._pc is undefined
JavaScript error: jar:file:///usr/lib/firefox-esr/omni.ja!/components/PeerConnection.js, line 1813: TypeError: this._dompc._pc is undefined
JavaScript error: jar:file:///usr/lib/firefox-esr/omni.ja!/components/PeerConnection.js, line 1813: TypeError: this._dompc._pc is undefined
JavaScript error: jar:file:///usr/lib/firefox-esr/omni.ja!/components/PeerConnection.js, line 1813: TypeError: this._dompc._pc is undefined
JavaScript error: jar:file:///usr/lib/firefox-esr/omni.ja!/components/PeerConnection.js, line 1813: TypeError: this._dompc._pc is undefined
console.log: Accessibility service init or shutdown observer does not exist.
*** UTM:SVC TimerManager:registerTimer called after profile-before-change notification. Ignoring timer registration for id: telemetry_modules_ping
1562765021021	mozrunner::runner	INFO	Running command: "/usr/bin/firefox" "-marionette" "-foreground" "-no-remote" "-profile" "/tmp/rust_mozprofile.fnIBSIiSEbus"
1562765029392	Marionette	INFO	Listening on port 36231
1562765029452	Marionette	WARN	TLS certificate errors will be ignored for this session
console.log: Accessibility service init or shutdown observer does not exist.
console.log: Accessibility service init or shutdown observer does not exist.

(/usr/lib/firefox-esr/firefox-esr:10435): dconf-WARNING **: Unable to open /var/lib/snapd/desktop/dconf/profile/user: Permission denied
JavaScript error: jar:file:///usr/lib/firefox-esr/omni.ja!/components/PeerConnection.js, line 1813: TypeError: this._dompc._pc is undefined
JavaScript error: jar:file:///usr/lib/firefox-esr/omni.ja!/components/PeerConnection.js, line 1813: TypeError: this._dompc._pc is undefined
JavaScript error: jar:file:///usr/lib/firefox-esr/omni.ja!/components/PeerConnection.js, line 1813: TypeError: this._dompc._pc is undefined
JavaScript error: jar:file:///usr/lib/firefox-esr/omni.ja!/components/PeerConnection.js, line 1813: TypeError: this._dompc._pc is undefined
JavaScript error: jar:file:///usr/lib/firefox-esr/omni.ja!/components/PeerConnection.js, line 1813: TypeError: this._dompc._pc is undefined
JavaScript error: jar:file:///usr/lib/firefox-esr/omni.ja!/components/PeerConnection.js, line 1813: TypeError: this._dompc._pc is undefined
JavaScript error: jar:file:///usr/lib/firefox-esr/omni.ja!/components/PeerConnection.js, line 1813: TypeError: this._dompc._pc is undefined
JavaScript error: jar:file:///usr/lib/firefox-esr/omni.ja!/components/PeerConnection.js, line 1813: TypeError: this._dompc._pc is undefined
JavaScript error: jar:file:///usr/lib/firefox-esr/omni.ja!/components/PeerConnection.js, line 1813: TypeError: this._dompc._pc is undefined
JavaScript error: jar:file:///usr/lib/firefox-esr/omni.ja!/components/PeerConnection.js, line 1813: TypeError: this._dompc._pc is undefined
JavaScript error: jar:file:///usr/lib/firefox-esr/omni.ja!/components/PeerConnection.js, line 1813: TypeError: this._dompc._pc is undefined
JavaScript error: jar:file:///usr/lib/firefox-esr/omni.ja!/components/PeerConnection.js, line 1813: TypeError: this._dompc._pc is undefined
JavaScript error: jar:file:///usr/lib/firefox-esr/omni.ja!/components/PeerConnection.js, line 1813: TypeError: this._dompc._pc is undefined
JavaScript error: jar:file:///usr/lib/firefox-esr/omni.ja!/components/PeerConnection.js, line 1813: TypeError: this._dompc._pc is undefined
JavaScript error: jar:file:///usr/lib/firefox-esr/omni.ja!/components/PeerConnection.js, line 1813: TypeError: this._dompc._pc is undefined
JavaScript error: jar:file:///usr/lib/firefox-esr/omni.ja!/components/PeerConnection.js, line 1813: TypeError: this._dompc._pc is undefined
JavaScript error: jar:file:///usr/lib/firefox-esr/omni.ja!/components/PeerConnection.js, line 1813: TypeError: this._dompc._pc is undefined
JavaScript error: jar:file:///usr/lib/firefox-esr/omni.ja!/components/PeerConnection.js, line 1813: TypeError: this._dompc._pc is undefined
console.log: Accessibility service init or shutdown observer does not exist.
*** UTM:SVC TimerManager:registerTimer called after profile-before-change notification. Ignoring timer registration for id: telemetry_modules_ping
1562765118731	mozrunner::runner	INFO	Running command: "/usr/bin/firefox" "-marionette" "-foreground" "-no-remote" "-profile" "/tmp/rust_mozprofile.mMY99WqLfkly"
1562765124604	Marionette	INFO	Listening on port 37667
1562765124654	Marionette	WARN	TLS certificate errors will be ignored for this session
1562765124806	mozrunner::runner	INFO	Running command: "/usr/bin/firefox" "-marionette" "-foreground" "-no-remote" "-profile" "/tmp/rust_mozprofile.08hf3H1sopPq"
1562765132996	Marionette	INFO	Listening on port 38073
1562765133051	Marionette	WARN	TLS certificate errors will be ignored for this session
1562765133803	mozrunner::runner	INFO	Running command: "/usr/bin/firefox" "-marionette" "-foreground" "-no-remote" "-profile" "/tmp/rust_mozprofile.H1HMwVEDWZjW"
1562765144009	Marionette	INFO	Listening on port 44027
1562765144033	Marionette	WARN	TLS certificate errors will be ignored for this session

(/usr/lib/firefox-esr/firefox-esr:10971): dconf-WARNING **: Unable to open /var/lib/snapd/desktop/dconf/profile/user: Permission denied
JavaScript error: jar:file:///usr/lib/firefox-esr/omni.ja!/components/PeerConnection.js, line 1813: TypeError: this._dompc._pc is undefined
JavaScript error: jar:file:///usr/lib/firefox-esr/omni.ja!/components/PeerConnection.js, line 1813: TypeError: this._dompc._pc is undefined
JavaScript error: jar:file:///usr/lib/firefox-esr/omni.ja!/components/PeerConnection.js, line 1813: TypeError: this._dompc._pc is undefined
JavaScript error: jar:file:///usr/lib/firefox-esr/omni.ja!/components/PeerConnection.js, line 1813: TypeError: this._dompc._pc is undefined
JavaScript error: jar:file:///usr/lib/firefox-esr/omni.ja!/components/PeerConnection.js, line 1813: TypeError: this._dompc._pc is undefined
JavaScript error: jar:file:///usr/lib/firefox-esr/omni.ja!/components/PeerConnection.js, line 1813: TypeError: this._dompc._pc is undefined
JavaScript error: jar:file:///usr/lib/firefox-esr/omni.ja!/components/PeerConnection.js, line 1813: TypeError: this._dompc._pc is undefined
JavaScript error: jar:file:///usr/lib/firefox-esr/omni.ja!/components/PeerConnection.js, line 1813: TypeError: this._dompc._pc is undefined
JavaScript error: jar:file:///usr/lib/firefox-esr/omni.ja!/components/PeerConnection.js, line 1813: TypeError: this._dompc._pc is undefined
JavaScript error: jar:file:///usr/lib/firefox-esr/omni.ja!/components/PeerConnection.js, line 1813: TypeError: this._dompc._pc is undefined
JavaScript error: jar:file:///usr/lib/firefox-esr/omni.ja!/components/PeerConnection.js, line 1813: TypeError: this._dompc._pc is undefined
JavaScript error: jar:file:///usr/lib/firefox-esr/omni.ja!/components/PeerConnection.js, line 1813: TypeError: this._dompc._pc is undefined
JavaScript error: jar:file:///usr/lib/firefox-esr/omni.ja!/components/PeerConnection.js, line 1813: TypeError: this._dompc._pc is undefined
JavaScript error: jar:file:///usr/lib/firefox-esr/omni.ja!/components/PeerConnection.js, line 1813: TypeError: this._dompc._pc is undefined
JavaScript error: jar:file:///usr/lib/firefox-esr/omni.ja!/components/PeerConnection.js, line 1813: TypeError: this._dompc._pc is undefined
console.log: Accessibility service init or shutdown observer does not exist.
*** UTM:SVC TimerManager:registerTimer called after profile-before-change notification. Ignoring timer registration for id: telemetry_modules_ping
1562765182777	mozrunner::runner	INFO	Running command: "/usr/bin/firefox" "-marionette" "-foreground" "-no-remote" "-profile" "/tmp/rust_mozprofile.0BhQnYf4gsfd"
1562765191501	Marionette	INFO	Listening on port 36175
1562765191609	Marionette	WARN	TLS certificate errors will be ignored for this session

(/usr/lib/firefox-esr/firefox-esr:11152): dconf-WARNING **: Unable to open /var/lib/snapd/desktop/dconf/profile/user: Permission denied
JavaScript error: jar:file:///usr/lib/firefox-esr/omni.ja!/components/PeerConnection.js, line 1813: TypeError: this._dompc._pc is undefined
JavaScript error: jar:file:///usr/lib/firefox-esr/omni.ja!/components/PeerConnection.js, line 1813: TypeError: this._dompc._pc is undefined
JavaScript error: jar:file:///usr/lib/firefox-esr/omni.ja!/components/PeerConnection.js, line 1813: TypeError: this._dompc._pc is undefined
JavaScript error: jar:file:///usr/lib/firefox-esr/omni.ja!/components/PeerConnection.js, line 1813: TypeError: this._dompc._pc is undefined
JavaScript error: jar:file:///usr/lib/firefox-esr/omni.ja!/components/PeerConnection.js, line 1813: TypeError: this._dompc._pc is undefined
JavaScript error: jar:file:///usr/lib/firefox-esr/omni.ja!/components/PeerConnection.js, line 1813: TypeError: this._dompc._pc is undefined
JavaScript error: jar:file:///usr/lib/firefox-esr/omni.ja!/components/PeerConnection.js, line 1813: TypeError: this._dompc._pc is undefined
JavaScript error: jar:file:///usr/lib/firefox-esr/omni.ja!/components/PeerConnection.js, line 1813: TypeError: this._dompc._pc is undefined
JavaScript error: jar:file:///usr/lib/firefox-esr/omni.ja!/components/PeerConnection.js, line 1813: TypeError: this._dompc._pc is undefined
JavaScript error: jar:file:///usr/lib/firefox-esr/omni.ja!/components/PeerConnection.js, line 1813: TypeError: this._dompc._pc is undefined
JavaScript error: jar:file:///usr/lib/firefox-esr/omni.ja!/components/PeerConnection.js, line 1813: TypeError: this._dompc._pc is undefined
JavaScript error: jar:file:///usr/lib/firefox-esr/omni.ja!/components/PeerConnection.js, line 1813: TypeError: this._dompc._pc is undefined
JavaScript error: jar:file:///usr/lib/firefox-esr/omni.ja!/components/PeerConnection.js, line 1813: TypeError: this._dompc._pc is undefined
JavaScript error: jar:file:///usr/lib/firefox-esr/omni.ja!/components/PeerConnection.js, line 1813: TypeError: this._dompc._pc is undefined
JavaScript error: jar:file:///usr/lib/firefox-esr/omni.ja!/components/PeerConnection.js, line 1813: TypeError: this._dompc._pc is undefined
JavaScript error: jar:file:///usr/lib/firefox-esr/omni.ja!/components/PeerConnection.js, line 1813: TypeError: this._dompc._pc is undefined
JavaScript error: jar:file:///usr/lib/firefox-esr/omni.ja!/components/PeerConnection.js, line 1813: TypeError: this._dompc._pc is undefined
console.log: Accessibility service init or shutdown observer does not exist.
*** UTM:SVC TimerManager:registerTimer called after profile-before-change notification. Ignoring timer registration for id: telemetry_modules_ping
console.log: Accessibility service init or shutdown observer does not exist.
console.log: Accessibility service init or shutdown observer does not exist.
1562766872155	mozrunner::runner	INFO	Running command: "/usr/bin/firefox" "-marionette" "-foreground" "-no-remote" "-profile" "/tmp/rust_mozprofile.ItfrXwhoqkqx"
1562766878081	Marionette	INFO	Listening on port 37185
1562766878184	Marionette	WARN	TLS certificate errors will be ignored for this session
1562766878407	mozrunner::runner	INFO	Running command: "/usr/bin/firefox" "-marionette" "-foreground" "-no-remote" "-profile" "/tmp/rust_mozprofile.YsGZRNRdPaNm"
1562766885700	Marionette	INFO	Listening on port 44143
1562766885790	Marionette	WARN	TLS certificate errors will be ignored for this session
1562766885977	mozrunner::runner	INFO	Running command: "/usr/bin/firefox" "-marionette" "-foreground" "-no-remote" "-profile" "/tmp/rust_mozprofile.gb7PDkPdmx3P"
1562766891426	Marionette	INFO	Listening on port 45545
1562766891510	Marionette	WARN	TLS certificate errors will be ignored for this session

(/usr/lib/firefox-esr/firefox-esr:12408): dconf-WARNING **: Unable to open /var/lib/snapd/desktop/dconf/profile/user: Permission denied
JavaScript error: jar:file:///usr/lib/firefox-esr/omni.ja!/components/PeerConnection.js, line 1813: TypeError: this._dompc._pc is undefined
JavaScript error: jar:file:///usr/lib/firefox-esr/omni.ja!/components/PeerConnection.js, line 1813: TypeError: this._dompc._pc is undefined
1562767190151	mozrunner::runner	INFO	Running command: "/usr/bin/firefox" "-marionette" "-foreground" "-no-remote" "-profile" "/tmp/rust_mozprofile.lliyl6aWGZfG"
1562767198756	Marionette	INFO	Listening on port 45631
1562767198876	Marionette	WARN	TLS certificate errors will be ignored for this session
1562767202790	mozrunner::runner	INFO	Running command: "/usr/bin/firefox" "-marionette" "-foreground" "-no-remote" "-profile" "/tmp/rust_mozprofile.qDTf95b1Vq5i"
1562767215275	Marionette	INFO	Listening on port 40013
1562767215332	Marionette	WARN	TLS certificate errors will be ignored for this session
1562767216078	mozrunner::runner	INFO	Running command: "/usr/bin/firefox" "-marionette" "-foreground" "-no-remote" "-profile" "/tmp/rust_mozprofile.czgqjPh9Tf0L"
1562767225215	Marionette	INFO	Listening on port 34559
1562767225306	Marionette	WARN	TLS certificate errors will be ignored for this session

(/usr/lib/firefox-esr/firefox-esr:13065): dconf-WARNING **: Unable to open /var/lib/snapd/desktop/dconf/profile/user: Permission denied
JavaScript error: jar:file:///usr/lib/firefox-esr/omni.ja!/components/PeerConnection.js, line 1813: TypeError: this._dompc._pc is undefined
JavaScript error: jar:file:///usr/lib/firefox-esr/omni.ja!/components/PeerConnection.js, line 1813: TypeError: this._dompc._pc is undefined
JavaScript error: jar:file:///usr/lib/firefox-esr/omni.ja!/components/PeerConnection.js, line 1813: TypeError: this._dompc._pc is undefined
console.log: Accessibility service init or shutdown observer does not exist.
*** UTM:SVC TimerManager:registerTimer called after profile-before-change notification. Ignoring timer registration for id: telemetry_modules_ping
console.log: Accessibility service init or shutdown observer does not exist.

###!!! [Child][RunMessage] Error: Channel closing: too late to send/recv, messages will be lost

console.log: Accessibility service init or shutdown observer does not exist.
console.log: Accessibility service init or shutdown observer does not exist.
console.log: Accessibility service init or shutdown observer does not exist.
console.log: Accessibility service init or shutdown observer does not exist.
*** UTM:SVC TimerManager:registerTimer called after profile-before-change notification. Ignoring timer registration for id: telemetry_modules_ping
1562767330657	mozrunner::runner	INFO	Running command: "/usr/bin/firefox" "-marionette" "-foreground" "-no-remote" "-profile" "/tmp/rust_mozprofile.RZfnH03Vfxcr"
1562767353493	Marionette	INFO	Listening on port 46273
1562767353549	Marionette	WARN	TLS certificate errors will be ignored for this session
1562767354004	mozrunner::runner	INFO	Running command: "/usr/bin/firefox" "-marionette" "-foreground" "-no-remote" "-profile" "/tmp/rust_mozprofile.gPErXv5DOae9"
1562767363523	Marionette	INFO	Listening on port 40085
1562767363543	Marionette	WARN	TLS certificate errors will be ignored for this session
1562767364330	mozrunner::runner	INFO	Running command: "/usr/bin/firefox" "-marionette" "-foreground" "-no-remote" "-profile" "/tmp/rust_mozprofile.4ypqJJizdGEB"
1562767374248	Marionette	INFO	Listening on port 41631
1562767374269	Marionette	WARN	TLS certificate errors will be ignored for this session
console.log: Accessibility service init or shutdown observer does not exist.
1562767377928	addons.xpi	WARN	Exception running bootstrap method shutdown on activity-stream@mozilla.org: [Exception... "Component returned failure code: 0x80004005 (NS_ERROR_FAILURE) [nsIObserverService.removeObserver]"  nsresult: "0x80004005 (NS_ERROR_FAILURE)"  location: "JS frame :: resource://activity-stream/lib/SnippetsFeed.jsm :: uninit :: line 185"  data: no] Stack trace: uninit()@resource://activity-stream/lib/SnippetsFeed.jsm:185
onAction()@resource://activity-stream/lib/SnippetsFeed.jsm:201
_middleware/</<()@resource://activity-stream/lib/Store.jsm:49
Store/this[method]()@resource://activity-stream/lib/Store.jsm:28
uninit()@resource://activity-stream/lib/Store.jsm:151
uninit()@resource://activity-stream/lib/ActivityStream.jsm:300
uninit()@resource://gre/modules/addons/XPIProvider.jsm -> jar:file:///usr/lib/firefox-esr/browser/features/activity-stream@mozilla.org.xpi!/bootstrap.js:73
shutdown()@resource://gre/modules/addons/XPIProvider.jsm -> jar:file:///usr/lib/firefox-esr/browser/features/activity-stream@mozilla.org.xpi!/bootstrap.js:169
callBootstrapMethod()@resource://gre/modules/addons/XPIProvider.jsm:4446
observe()@resource://gre/modules/addons/XPIProvider.jsm:2293
console.log: Accessibility service init or shutdown observer does not exist.
*** UTM:SVC TimerManager:registerTimer called after profile-before-change notification. Ignoring timer registration for id: telemetry_modules_ping
*** UTM:SVC TimerManager:registerTimer called after profile-before-change notification. Ignoring timer registration for id: telemetry_modules_ping
console.log: Accessibility service init or shutdown observer does not exist.
*** UTM:SVC TimerManager:registerTimer called after profile-before-change notification. Ignoring timer registration for id: telemetry_modules_ping
1562767475610	mozrunner::runner	INFO	Running command: "/usr/bin/firefox" "-marionette" "-foreground" "-no-remote" "-profile" "/tmp/rust_mozprofile.txIoRwL1xSIz"
1562767479908	Marionette	INFO	Listening on port 37437
1562767479943	Marionette	WARN	TLS certificate errors will be ignored for this session
1562767480098	mozrunner::runner	INFO	Running command: "/usr/bin/firefox" "-marionette" "-foreground" "-no-remote" "-profile" "/tmp/rust_mozprofile.Im8SQTNdpqmc"
1562767487134	Marionette	INFO	Listening on port 40009
1562767487225	Marionette	WARN	TLS certificate errors will be ignored for this session
1562767487408	mozrunner::runner	INFO	Running command: "/usr/bin/firefox" "-marionette" "-foreground" "-no-remote" "-profile" "/tmp/rust_mozprofile.XLAiQbQwJRna"
1562767493581	Marionette	INFO	Listening on port 42377
1562767493646	Marionette	WARN	TLS certificate errors will be ignored for this session

(/usr/lib/firefox-esr/firefox-esr:14180): dconf-WARNING **: Unable to open /var/lib/snapd/desktop/dconf/profile/user: Permission denied
JavaScript error: jar:file:///usr/lib/firefox-esr/omni.ja!/components/PeerConnection.js, line 1813: TypeError: this._dompc._pc is undefined
console.log: Accessibility service init or shutdown observer does not exist.
JavaScript error: jar:file:///usr/lib/firefox-esr/omni.ja!/components/PeerConnection.js, line 1813: TypeError: this._dompc._pc is undefined
*** UTM:SVC TimerManager:registerTimer called after profile-before-change notification. Ignoring timer registration for id: telemetry_modules_ping
console.log: Accessibility service init or shutdown observer does not exist.
*** UTM:SVC TimerManager:registerTimer called after profile-before-change notification. Ignoring timer registration for id: telemetry_modules_ping
console.log: Accessibility service init or shutdown observer does not exist.
*** UTM:SVC TimerManager:registerTimer called after profile-before-change notification. Ignoring timer registration for id: telemetry_modules_ping
1562767754923	mozrunner::runner	INFO	Running command: "/usr/bin/firefox" "-marionette" "-foreground" "-no-remote" "-profile" "/tmp/rust_mozprofile.nAfGDP60ZgxJ"
1562767761709	Marionette	INFO	Listening on port 35279
1562767761751	Marionette	WARN	TLS certificate errors will be ignored for this session
1562767761921	mozrunner::runner	INFO	Running command: "/usr/bin/firefox" "-marionette" "-foreground" "-no-remote" "-profile" "/tmp/rust_mozprofile.KyHafFAzZkPr"
1562767768227	Marionette	INFO	Listening on port 38079
1562767768245	Marionette	WARN	TLS certificate errors will be ignored for this session
1562767769553	mozrunner::runner	INFO	Running command: "/usr/bin/firefox" "-marionette" "-foreground" "-no-remote" "-profile" "/tmp/rust_mozprofile.wfV6z2eUQQBM"
1562767774944	Marionette	INFO	Listening on port 40787
1562767774980	Marionette	WARN	TLS certificate errors will be ignored for this session

(/usr/lib/firefox-esr/firefox-esr:14815): dconf-WARNING **: Unable to open /var/lib/snapd/desktop/dconf/profile/user: Permission denied
JavaScript error: jar:file:///usr/lib/firefox-esr/omni.ja!/components/PeerConnection.js, line 1813: TypeError: this._dompc._pc is undefined
JavaScript error: jar:file:///usr/lib/firefox-esr/omni.ja!/components/PeerConnection.js, line 1813: TypeError: this._dompc._pc is undefined
console.log: Accessibility service init or shutdown observer does not exist.
*** UTM:SVC TimerManager:registerTimer called after profile-before-change notification. Ignoring timer registration for id: telemetry_modules_ping
console.log: Accessibility service init or shutdown observer does not exist.
*** UTM:SVC TimerManager:registerTimer called after profile-before-change notification. Ignoring timer registration for id: telemetry_modules_ping
1562768018567	mozrunner::runner	INFO	Running command: "/usr/bin/firefox" "-marionette" "-foreground" "-no-remote" "-profile" "/tmp/rust_mozprofile.AHPOqxYMaDUp"
1562768022946	Marionette	INFO	Listening on port 43411
1562768022987	Marionette	WARN	TLS certificate errors will be ignored for this session
1562768023168	mozrunner::runner	INFO	Running command: "/usr/bin/firefox" "-marionette" "-foreground" "-no-remote" "-profile" "/tmp/rust_mozprofile.O6l9qAEQnnCb"
console.log: Accessibility service init or shutdown observer does not exist.
console.log: Accessibility service init or shutdown observer does not exist.
1562768030752	Marionette	INFO	Listening on port 33519
*** UTM:SVC TimerManager:registerTimer called after profile-before-change notification. Ignoring timer registration for id: telemetry_modules_ping
1562768030819	Marionette	WARN	TLS certificate errors will be ignored for this session
1562768031025	mozrunner::runner	INFO	Running command: "/usr/bin/firefox" "-marionette" "-foreground" "-no-remote" "-profile" "/tmp/rust_mozprofile.sBpP4CmudIBs"
1562768037347	Marionette	INFO	Listening on port 40607
1562768037363	Marionette	WARN	TLS certificate errors will be ignored for this session

(/usr/lib/firefox-esr/firefox-esr:15494): dconf-WARNING **: Unable to open /var/lib/snapd/desktop/dconf/profile/user: Permission denied
JavaScript error: jar:file:///usr/lib/firefox-esr/omni.ja!/components/PeerConnection.js, line 1813: TypeError: this._dompc._pc is undefined
JavaScript error: jar:file:///usr/lib/firefox-esr/omni.ja!/components/PeerConnection.js, line 1813: TypeError: this._dompc._pc is undefined
JavaScript error: jar:file:///usr/lib/firefox-esr/omni.ja!/components/PeerConnection.js, line 1813: TypeError: this._dompc._pc is undefined
console.log: Accessibility service init or shutdown observer does not exist.
console.log: Accessibility service init or shutdown observer does not exist.
1562768272489	mozrunner::runner	INFO	Running command: "/usr/bin/firefox" "-marionette" "-foreground" "-no-remote" "-profile" "/tmp/rust_mozprofile.OEeRCL4OfVyM"
1562768277182	Marionette	INFO	Listening on port 41683
1562768277213	Marionette	WARN	TLS certificate errors will be ignored for this session
1562768277343	mozrunner::runner	INFO	Running command: "/usr/bin/firefox" "-marionette" "-foreground" "-no-remote" "-profile" "/tmp/rust_mozprofile.7QPaEPiTMuX5"
1562768283798	Marionette	INFO	Listening on port 34279
1562768283889	Marionette	WARN	TLS certificate errors will be ignored for this session
1562768284123	mozrunner::runner	INFO	Running command: "/usr/bin/firefox" "-marionette" "-foreground" "-no-remote" "-profile" "/tmp/rust_mozprofile.GZANFoPrEhpi"
1562768289573	Marionette	INFO	Listening on port 42807
1562768289647	Marionette	WARN	TLS certificate errors will be ignored for this session
console.log: Accessibility service init or shutdown observer does not exist.
*** UTM:SVC TimerManager:registerTimer called after profile-before-change notification. Ignoring timer registration for id: telemetry_modules_ping
console.log: Accessibility service init or shutdown observer does not exist.
*** UTM:SVC TimerManager:registerTimer called after profile-before-change notification. Ignoring timer registration for id: telemetry_modules_ping

(/usr/lib/firefox-esr/firefox-esr:16566): dconf-WARNING **: Unable to open /var/lib/snapd/desktop/dconf/profile/user: Permission denied
JavaScript error: jar:file:///usr/lib/firefox-esr/omni.ja!/components/PeerConnection.js, line 1813: TypeError: this._dompc._pc is undefined
JavaScript error: jar:file:///usr/lib/firefox-esr/omni.ja!/components/PeerConnection.js, line 1813: TypeError: this._dompc._pc is undefined
console.log: Accessibility service init or shutdown observer does not exist.
1562768496273	mozrunner::runner	INFO	Running command: "/usr/bin/firefox" "-marionette" "-foreground" "-no-remote" "-profile" "/tmp/rust_mozprofile.NKQHRxKtIXCD"
1562768500909	Marionette	INFO	Listening on port 40683
1562768500990	Marionette	WARN	TLS certificate errors will be ignored for this session
1562768501163	mozrunner::runner	INFO	Running command: "/usr/bin/firefox" "-marionette" "-foreground" "-no-remote" "-profile" "/tmp/rust_mozprofile.WAXFFP0mKdvc"
1562768507505	Marionette	INFO	Listening on port 43301
1562768507601	Marionette	WARN	TLS certificate errors will be ignored for this session
1562768507769	mozrunner::runner	INFO	Running command: "/usr/bin/firefox" "-marionette" "-foreground" "-no-remote" "-profile" "/tmp/rust_mozprofile.LUiMuexBSmdt"
1562768515907	Marionette	INFO	Listening on port 34317
1562768516059	Marionette	WARN	TLS certificate errors will be ignored for this session

(/usr/lib/firefox-esr/firefox-esr:17701): dconf-WARNING **: Unable to open /var/lib/snapd/desktop/dconf/profile/user: Permission denied
JavaScript error: jar:file:///usr/lib/firefox-esr/omni.ja!/components/PeerConnection.js, line 1813: TypeError: this._dompc._pc is undefined
JavaScript error: jar:file:///usr/lib/firefox-esr/omni.ja!/components/PeerConnection.js, line 1813: TypeError: this._dompc._pc is undefined
console.log: Accessibility service init or shutdown observer does not exist.

###!!! [Child][RunMessage] Error: Channel closing: too late to send/recv, messages will be lost

console.log: Accessibility service init or shutdown observer does not exist.
console.log: Accessibility service init or shutdown observer does not exist.
1562768896369	mozrunner::runner	INFO	Running command: "/usr/bin/firefox" "-marionette" "-foreground" "-no-remote" "-profile" "/tmp/rust_mozprofile.AqXxE7PrRZzu"
1562768901971	Marionette	INFO	Listening on port 41713
1562768902065	Marionette	WARN	TLS certificate errors will be ignored for this session
1562768902331	mozrunner::runner	INFO	Running command: "/usr/bin/firefox" "-marionette" "-foreground" "-no-remote" "-profile" "/tmp/rust_mozprofile.dvRVBeOHf1di"
1562768908491	Marionette	INFO	Listening on port 38845
1562768908558	Marionette	WARN	TLS certificate errors will be ignored for this session
1562768908703	mozrunner::runner	INFO	Running command: "/usr/bin/firefox" "-marionette" "-foreground" "-no-remote" "-profile" "/tmp/rust_mozprofile.ZUbh1XGB7ju1"
1562768915206	Marionette	INFO	Listening on port 36347
1562768915248	Marionette	WARN	TLS certificate errors will be ignored for this session

(/usr/lib/firefox-esr/firefox-esr:18427): dconf-WARNING **: Unable to open /var/lib/snapd/desktop/dconf/profile/user: Permission denied
JavaScript error: jar:file:///usr/lib/firefox-esr/omni.ja!/components/PeerConnection.js, line 1813: TypeError: this._dompc._pc is undefined
JavaScript error: jar:file:///usr/lib/firefox-esr/omni.ja!/components/PeerConnection.js, line 1813: TypeError: this._dompc._pc is undefined
JavaScript error: jar:file:///usr/lib/firefox-esr/omni.ja!/components/PeerConnection.js, line 1813: TypeError: this._dompc._pc is undefined
JavaScript error: jar:file:///usr/lib/firefox-esr/omni.ja!/components/PeerConnection.js, line 1813: TypeError: this._dompc._pc is undefined
JavaScript error: jar:file:///usr/lib/firefox-esr/omni.ja!/components/PeerConnection.js, line 1813: TypeError: this._dompc._pc is undefined
JavaScript error: jar:file:///usr/lib/firefox-esr/omni.ja!/components/PeerConnection.js, line 1813: TypeError: this._dompc._pc is undefined
JavaScript error: jar:file:///usr/lib/firefox-esr/omni.ja!/components/PeerConnection.js, line 1813: TypeError: this._dompc._pc is undefined
console.log: Accessibility service init or shutdown observer does not exist.
*** UTM:SVC TimerManager:registerTimer called after profile-before-change notification. Ignoring timer registration for id: telemetry_modules_ping
JavaScript error: jar:file:///usr/lib/firefox-esr/omni.ja!/components/PeerConnection.js, line 1813: TypeError: this._dompc._pc is undefined
console.log: Accessibility service init or shutdown observer does not exist.
JavaScript error: jar:file:///usr/lib/firefox-esr/omni.ja!/components/PeerConnection.js, line 1813: TypeError: this._dompc._pc is undefined
JavaScript error: jar:file:///usr/lib/firefox-esr/omni.ja!/components/PeerConnection.js, line 1813: TypeError: this._dompc._pc is undefined
*** UTM:SVC TimerManager:registerTimer called after profile-before-change notification. Ignoring timer registration for id: telemetry_modules_ping
JavaScript error: jar:file:///usr/lib/firefox-esr/omni.ja!/components/PeerConnection.js, line 1813: TypeError: this._dompc._pc is undefined
JavaScript error: jar:file:///usr/lib/firefox-esr/omni.ja!/components/PeerConnection.js, line 1813: TypeError: this._dompc._pc is undefined
JavaScript error: jar:file:///usr/lib/firefox-esr/omni.ja!/components/PeerConnection.js, line 1813: TypeError: this._dompc._pc is undefined
JavaScript error: jar:file:///usr/lib/firefox-esr/omni.ja!/components/PeerConnection.js, line 1813: TypeError: this._dompc._pc is undefined
JavaScript error: jar:file:///usr/lib/firefox-esr/omni.ja!/components/PeerConnection.js, line 1813: TypeError: this._dompc._pc is undefined
JavaScript error: jar:file:///usr/lib/firefox-esr/omni.ja!/components/PeerConnection.js, line 1813: TypeError: this._dompc._pc is undefined
console.log: Accessibility service init or shutdown observer does not exist.
*** UTM:SVC TimerManager:registerTimer called after profile-before-change notification. Ignoring timer registration for id: telemetry_modules_ping
1562768957818	mozrunner::runner	INFO	Running command: "/usr/bin/firefox" "-marionette" "-foreground" "-no-remote" "-profile" "/tmp/rust_mozprofile.TW4VeXsW1xwd"
1562768963947	Marionette	INFO	Listening on port 39197
1562768964041	Marionette	WARN	TLS certificate errors will be ignored for this session

(/usr/lib/firefox-esr/firefox-esr:18629): dconf-WARNING **: Unable to open /var/lib/snapd/desktop/dconf/profile/user: Permission denied
JavaScript error: jar:file:///usr/lib/firefox-esr/omni.ja!/components/PeerConnection.js, line 1813: TypeError: this._dompc._pc is undefined
JavaScript error: jar:file:///usr/lib/firefox-esr/omni.ja!/components/PeerConnection.js, line 1813: TypeError: this._dompc._pc is undefined
JavaScript error: jar:file:///usr/lib/firefox-esr/omni.ja!/components/PeerConnection.js, line 1813: TypeError: this._dompc._pc is undefined
JavaScript error: jar:file:///usr/lib/firefox-esr/omni.ja!/components/PeerConnection.js, line 1813: TypeError: this._dompc._pc is undefined
JavaScript error: jar:file:///usr/lib/firefox-esr/omni.ja!/components/PeerConnection.js, line 1813: TypeError: this._dompc._pc is undefined
JavaScript error: jar:file:///usr/lib/firefox-esr/omni.ja!/components/PeerConnection.js, line 1813: TypeError: this._dompc._pc is undefined
JavaScript error: jar:file:///usr/lib/firefox-esr/omni.ja!/components/PeerConnection.js, line 1813: TypeError: this._dompc._pc is undefined
JavaScript error: jar:file:///usr/lib/firefox-esr/omni.ja!/components/PeerConnection.js, line 1813: TypeError: this._dompc._pc is undefined
JavaScript error: jar:file:///usr/lib/firefox-esr/omni.ja!/components/PeerConnection.js, line 1813: TypeError: this._dompc._pc is undefined
JavaScript error: jar:file:///usr/lib/firefox-esr/omni.ja!/components/PeerConnection.js, line 1813: TypeError: this._dompc._pc is undefined
JavaScript error: jar:file:///usr/lib/firefox-esr/omni.ja!/components/PeerConnection.js, line 1813: TypeError: this._dompc._pc is undefined
JavaScript error: jar:file:///usr/lib/firefox-esr/omni.ja!/components/PeerConnection.js, line 1813: TypeError: this._dompc._pc is undefined
JavaScript error: jar:file:///usr/lib/firefox-esr/omni.ja!/components/PeerConnection.js, line 1813: TypeError: this._dompc._pc is undefined
JavaScript error: jar:file:///usr/lib/firefox-esr/omni.ja!/components/PeerConnection.js, line 1813: TypeError: this._dompc._pc is undefined
JavaScript error: jar:file:///usr/lib/firefox-esr/omni.ja!/components/PeerConnection.js, line 1813: TypeError: this._dompc._pc is undefined
JavaScript error: jar:file:///usr/lib/firefox-esr/omni.ja!/components/PeerConnection.js, line 1813: TypeError: this._dompc._pc is undefined
JavaScript error: jar:file:///usr/lib/firefox-esr/omni.ja!/components/PeerConnection.js, line 1813: TypeError: this._dompc._pc is undefined
JavaScript error: jar:file:///usr/lib/firefox-esr/omni.ja!/components/PeerConnection.js, line 1813: TypeError: this._dompc._pc is undefined
console.log: Accessibility service init or shutdown observer does not exist.
*** UTM:SVC TimerManager:registerTimer called after profile-before-change notification. Ignoring timer registration for id: telemetry_modules_ping
1562769040413	mozrunner::runner	INFO	Running command: "/usr/bin/firefox" "-marionette" "-foreground" "-no-remote" "-profile" "/tmp/rust_mozprofile.Tp72flVyBrY2"
1562769044788	Marionette	INFO	Listening on port 46655
1562769044839	Marionette	WARN	TLS certificate errors will be ignored for this session
1562769045078	mozrunner::runner	INFO	Running command: "/usr/bin/firefox" "-marionette" "-foreground" "-no-remote" "-profile" "/tmp/rust_mozprofile.OVDLR41uytAs"
1562769051754	Marionette	INFO	Listening on port 45851
1562769051810	Marionette	WARN	TLS certificate errors will be ignored for this session
1562769052142	mozrunner::runner	INFO	Running command: "/usr/bin/firefox" "-marionette" "-foreground" "-no-remote" "-profile" "/tmp/rust_mozprofile.Q88TWiALSxPT"
1562769057807	Marionette	INFO	Listening on port 38077
1562769057881	Marionette	WARN	TLS certificate errors will be ignored for this session

(/usr/lib/firefox-esr/firefox-esr:19150): dconf-WARNING **: Unable to open /var/lib/snapd/desktop/dconf/profile/user: Permission denied
JavaScript error: jar:file:///usr/lib/firefox-esr/omni.ja!/components/PeerConnection.js, line 1813: TypeError: this._dompc._pc is undefined
JavaScript error: jar:file:///usr/lib/firefox-esr/omni.ja!/components/PeerConnection.js, line 1813: TypeError: this._dompc._pc is undefined
console.log: Accessibility service init or shutdown observer does not exist.
*** UTM:SVC TimerManager:registerTimer called after profile-before-change notification. Ignoring timer registration for id: telemetry_modules_ping
console.log: Accessibility service init or shutdown observer does not exist.
*** UTM:SVC TimerManager:registerTimer called after profile-before-change notification. Ignoring timer registration for id: telemetry_modules_ping
console.log: Accessibility service init or shutdown observer does not exist.
*** UTM:SVC TimerManager:registerTimer called after profile-before-change notification. Ignoring timer registration for id: telemetry_modules_ping
1562769342292	mozrunner::runner	INFO	Running command: "/usr/bin/firefox" "-marionette" "-foreground" "-no-remote" "-profile" "/tmp/rust_mozprofile.qpqRw8faEZf1"
1562769346687	Marionette	INFO	Listening on port 39951
1562769346735	Marionette	WARN	TLS certificate errors will be ignored for this session
1562769346869	mozrunner::runner	INFO	Running command: "/usr/bin/firefox" "-marionette" "-foreground" "-no-remote" "-profile" "/tmp/rust_mozprofile.kRL5rZDt3Wl5"
1562769353650	Marionette	INFO	Listening on port 39813
1562769353706	Marionette	WARN	TLS certificate errors will be ignored for this session
1562769353925	mozrunner::runner	INFO	Running command: "/usr/bin/firefox" "-marionette" "-foreground" "-no-remote" "-profile" "/tmp/rust_mozprofile.wZoqTN8sOtJa"
1562769359868	Marionette	INFO	Listening on port 33263
1562769359947	Marionette	WARN	TLS certificate errors will be ignored for this session

(/usr/lib/firefox-esr/firefox-esr:20201): dconf-WARNING **: Unable to open /var/lib/snapd/desktop/dconf/profile/user: Permission denied
console.log: Accessibility service init or shutdown observer does not exist.
JavaScript error: jar:file:///usr/lib/firefox-esr/omni.ja!/components/PeerConnection.js, line 1813: TypeError: this._dompc._pc is undefined
*** UTM:SVC TimerManager:registerTimer called after profile-before-change notification. Ignoring timer registration for id: telemetry_modules_ping
console.log: Accessibility service init or shutdown observer does not exist.
*** UTM:SVC TimerManager:registerTimer called after profile-before-change notification. Ignoring timer registration for id: telemetry_modules_ping
JavaScript error: jar:file:///usr/lib/firefox-esr/omni.ja!/components/PeerConnection.js, line 1813: TypeError: this._dompc._pc is undefined
JavaScript error: jar:file:///usr/lib/firefox-esr/omni.ja!/components/PeerConnection.js, line 1813: TypeError: this._dompc._pc is undefined
JavaScript error: jar:file:///usr/lib/firefox-esr/omni.ja!/components/PeerConnection.js, line 1813: TypeError: this._dompc._pc is undefined
JavaScript error: jar:file:///usr/lib/firefox-esr/omni.ja!/components/PeerConnection.js, line 1813: TypeError: this._dompc._pc is undefined
JavaScript error: jar:file:///usr/lib/firefox-esr/omni.ja!/components/PeerConnection.js, line 1813: TypeError: this._dompc._pc is undefined
JavaScript error: jar:file:///usr/lib/firefox-esr/omni.ja!/components/PeerConnection.js, line 1813: TypeError: this._dompc._pc is undefined
JavaScript error: jar:file:///usr/lib/firefox-esr/omni.ja!/components/PeerConnection.js, line 1813: TypeError: this._dompc._pc is undefined
JavaScript error: jar:file:///usr/lib/firefox-esr/omni.ja!/components/PeerConnection.js, line 1813: TypeError: this._dompc._pc is undefined
JavaScript error: jar:file:///usr/lib/firefox-esr/omni.ja!/components/PeerConnection.js, line 1813: TypeError: this._dompc._pc is undefined
JavaScript error: jar:file:///usr/lib/firefox-esr/omni.ja!/components/PeerConnection.js, line 1813: TypeError: this._dompc._pc is undefined
JavaScript error: jar:file:///usr/lib/firefox-esr/omni.ja!/components/PeerConnection.js, line 1813: TypeError: this._dompc._pc is undefined
JavaScript error: jar:file:///usr/lib/firefox-esr/omni.ja!/components/PeerConnection.js, line 1813: TypeError: this._dompc._pc is undefined
JavaScript error: jar:file:///usr/lib/firefox-esr/omni.ja!/components/PeerConnection.js, line 1813: TypeError: this._dompc._pc is undefined
JavaScript error: jar:file:///usr/lib/firefox-esr/omni.ja!/components/PeerConnection.js, line 1813: TypeError: this._dompc._pc is undefined
JavaScript error: jar:file:///usr/lib/firefox-esr/omni.ja!/components/PeerConnection.js, line 1813: TypeError: this._dompc._pc is undefined
console.log: Accessibility service init or shutdown observer does not exist.

###!!! [Child][RunMessage] Error: Channel closing: too late to send/recv, messages will be lost

*** UTM:SVC TimerManager:registerTimer called after profile-before-change notification. Ignoring timer registration for id: telemetry_modules_ping
1562769405000	mozrunner::runner	INFO	Running command: "/usr/bin/firefox" "-marionette" "-foreground" "-no-remote" "-profile" "/tmp/rust_mozprofile.1k0bzyPGkk5s"
1562769409528	Marionette	INFO	Listening on port 42719
1562769409627	Marionette	WARN	TLS certificate errors will be ignored for this session

(/usr/lib/firefox-esr/firefox-esr:20399): dconf-WARNING **: Unable to open /var/lib/snapd/desktop/dconf/profile/user: Permission denied
JavaScript error: jar:file:///usr/lib/firefox-esr/omni.ja!/components/PeerConnection.js, line 1813: TypeError: this._dompc._pc is undefined
JavaScript error: jar:file:///usr/lib/firefox-esr/omni.ja!/components/PeerConnection.js, line 1813: TypeError: this._dompc._pc is undefined
JavaScript error: jar:file:///usr/lib/firefox-esr/omni.ja!/components/PeerConnection.js, line 1813: TypeError: this._dompc._pc is undefined
JavaScript error: jar:file:///usr/lib/firefox-esr/omni.ja!/components/PeerConnection.js, line 1813: TypeError: this._dompc._pc is undefined
JavaScript error: jar:file:///usr/lib/firefox-esr/omni.ja!/components/PeerConnection.js, line 1813: TypeError: this._dompc._pc is undefined
JavaScript error: jar:file:///usr/lib/firefox-esr/omni.ja!/components/PeerConnection.js, line 1813: TypeError: this._dompc._pc is undefined
JavaScript error: jar:file:///usr/lib/firefox-esr/omni.ja!/components/PeerConnection.js, line 1813: TypeError: this._dompc._pc is undefined
JavaScript error: jar:file:///usr/lib/firefox-esr/omni.ja!/components/PeerConnection.js, line 1813: TypeError: this._dompc._pc is undefined
JavaScript error: jar:file:///usr/lib/firefox-esr/omni.ja!/components/PeerConnection.js, line 1813: TypeError: this._dompc._pc is undefined
JavaScript error: jar:file:///usr/lib/firefox-esr/omni.ja!/components/PeerConnection.js, line 1813: TypeError: this._dompc._pc is undefined
JavaScript error: jar:file:///usr/lib/firefox-esr/omni.ja!/components/PeerConnection.js, line 1813: TypeError: this._dompc._pc is undefined
JavaScript error: jar:file:///usr/lib/firefox-esr/omni.ja!/components/PeerConnection.js, line 1813: TypeError: this._dompc._pc is undefined
JavaScript error: jar:file:///usr/lib/firefox-esr/omni.ja!/components/PeerConnection.js, line 1813: TypeError: this._dompc._pc is undefined
JavaScript error: jar:file:///usr/lib/firefox-esr/omni.ja!/components/PeerConnection.js, line 1813: TypeError: this._dompc._pc is undefined
JavaScript error: jar:file:///usr/lib/firefox-esr/omni.ja!/components/PeerConnection.js, line 1813: TypeError: this._dompc._pc is undefined
JavaScript error: jar:file:///usr/lib/firefox-esr/omni.ja!/components/PeerConnection.js, line 1813: TypeError: this._dompc._pc is undefined
JavaScript error: jar:file:///usr/lib/firefox-esr/omni.ja!/components/PeerConnection.js, line 1813: TypeError: this._dompc._pc is undefined
JavaScript error: jar:file:///usr/lib/firefox-esr/omni.ja!/components/PeerConnection.js, line 1813: TypeError: this._dompc._pc is undefined
console.log: Accessibility service init or shutdown observer does not exist.
*** UTM:SVC TimerManager:registerTimer called after profile-before-change notification. Ignoring timer registration for id: telemetry_modules_ping
1562769830268	mozrunner::runner	INFO	Running command: "/usr/bin/firefox" "-marionette" "-foreground" "-no-remote" "-profile" "/tmp/rust_mozprofile.VpgLuWYL9NXT"
1562769837607	Marionette	INFO	Listening on port 46553
1562769837696	Marionette	WARN	TLS certificate errors will be ignored for this session
1562769838172	mozrunner::runner	INFO	Running command: "/usr/bin/firefox" "-marionette" "-foreground" "-no-remote" "-profile" "/tmp/rust_mozprofile.M6SiiaPfcbfZ"
1562769848060	Marionette	INFO	Listening on port 46159
1562769848109	Marionette	WARN	TLS certificate errors will be ignored for this session
1562769848300	mozrunner::runner	INFO	Running command: "/usr/bin/firefox" "-marionette" "-foreground" "-no-remote" "-profile" "/tmp/rust_mozprofile.4xJrsNnAPtd3"
1562769855299	Marionette	INFO	Listening on port 44749
1562769855365	Marionette	WARN	TLS certificate errors will be ignored for this session

(/usr/lib/firefox-esr/firefox-esr:21621): dconf-WARNING **: Unable to open /var/lib/snapd/desktop/dconf/profile/user: Permission denied
JavaScript error: jar:file:///usr/lib/firefox-esr/omni.ja!/components/PeerConnection.js, line 1813: TypeError: this._dompc._pc is undefined
console.log: Accessibility service init or shutdown observer does not exist.
JavaScript error: jar:file:///usr/lib/firefox-esr/omni.ja!/components/PeerConnection.js, line 1813: TypeError: this._dompc._pc is undefined
*** UTM:SVC TimerManager:registerTimer called after profile-before-change notification. Ignoring timer registration for id: telemetry_modules_ping
console.log: Accessibility service init or shutdown observer does not exist.
*** UTM:SVC TimerManager:registerTimer called after profile-before-change notification. Ignoring timer registration for id: telemetry_modules_ping
JavaScript error: jar:file:///usr/lib/firefox-esr/omni.ja!/components/PeerConnection.js, line 1813: TypeError: this._dompc._pc is undefined
JavaScript error: jar:file:///usr/lib/firefox-esr/omni.ja!/components/PeerConnection.js, line 1813: TypeError: this._dompc._pc is undefined
JavaScript error: jar:file:///usr/lib/firefox-esr/omni.ja!/components/PeerConnection.js, line 1813: TypeError: this._dompc._pc is undefined
console.log: Accessibility service init or shutdown observer does not exist.
*** UTM:SVC TimerManager:registerTimer called after profile-before-change notification. Ignoring timer registration for id: telemetry_modules_ping
1562770264175	mozrunner::runner	INFO	Running command: "/usr/bin/firefox" "-marionette" "-foreground" "-no-remote" "-profile" "/tmp/rust_mozprofile.fEqfS3QPWnnd"
1562770268710	Marionette	INFO	Listening on port 43565
1562770268812	Marionette	WARN	TLS certificate errors will be ignored for this session
1562770268984	mozrunner::runner	INFO	Running command: "/usr/bin/firefox" "-marionette" "-foreground" "-no-remote" "-profile" "/tmp/rust_mozprofile.CLnmKGOoJ21d"
1562770274396	Marionette	INFO	Listening on port 35305
1562770274460	Marionette	WARN	TLS certificate errors will be ignored for this session
1562770274931	mozrunner::runner	INFO	Running command: "/usr/bin/firefox" "-marionette" "-foreground" "-no-remote" "-profile" "/tmp/rust_mozprofile.PswPytWCgYDg"
1562770286112	Marionette	INFO	Listening on port 45941
1562770286170	Marionette	WARN	TLS certificate errors will be ignored for this session
console.log: Accessibility service init or shutdown observer does not exist.

(/usr/lib/firefox-esr/firefox-esr:22307): dconf-WARNING **: Unable to open /var/lib/snapd/desktop/dconf/profile/user: Permission denied
JavaScript error: jar:file:///usr/lib/firefox-esr/omni.ja!/components/PeerConnection.js, line 1813: TypeError: this._dompc._pc is undefined
*** UTM:SVC TimerManager:registerTimer called after profile-before-change notification. Ignoring timer registration for id: telemetry_modules_ping
console.log: Accessibility service init or shutdown observer does not exist.
*** UTM:SVC TimerManager:registerTimer called after profile-before-change notification. Ignoring timer registration for id: telemetry_modules_ping
JavaScript error: jar:file:///usr/lib/firefox-esr/omni.ja!/components/PeerConnection.js, line 1813: TypeError: this._dompc._pc is undefined
JavaScript error: jar:file:///usr/lib/firefox-esr/omni.ja!/components/PeerConnection.js, line 1813: TypeError: this._dompc._pc is undefined
JavaScript error: jar:file:///usr/lib/firefox-esr/omni.ja!/components/PeerConnection.js, line 1813: TypeError: this._dompc._pc is undefined
JavaScript error: jar:file:///usr/lib/firefox-esr/omni.ja!/components/PeerConnection.js, line 1813: TypeError: this._dompc._pc is undefined
JavaScript error: jar:file:///usr/lib/firefox-esr/omni.ja!/components/PeerConnection.js, line 1813: TypeError: this._dompc._pc is undefined
JavaScript error: jar:file:///usr/lib/firefox-esr/omni.ja!/components/PeerConnection.js, line 1813: TypeError: this._dompc._pc is undefined
JavaScript error: jar:file:///usr/lib/firefox-esr/omni.ja!/components/PeerConnection.js, line 1813: TypeError: this._dompc._pc is undefined
JavaScript error: jar:file:///usr/lib/firefox-esr/omni.ja!/components/PeerConnection.js, line 1813: TypeError: this._dompc._pc is undefined
JavaScript error: jar:file:///usr/lib/firefox-esr/omni.ja!/components/PeerConnection.js, line 1813: TypeError: this._dompc._pc is undefined
JavaScript error: jar:file:///usr/lib/firefox-esr/omni.ja!/components/PeerConnection.js, line 1813: TypeError: this._dompc._pc is undefined
JavaScript error: jar:file:///usr/lib/firefox-esr/omni.ja!/components/PeerConnection.js, line 1813: TypeError: this._dompc._pc is undefined
JavaScript error: jar:file:///usr/lib/firefox-esr/omni.ja!/components/PeerConnection.js, line 1813: TypeError: this._dompc._pc is undefined
JavaScript error: jar:file:///usr/lib/firefox-esr/omni.ja!/components/PeerConnection.js, line 1813: TypeError: this._dompc._pc is undefined
JavaScript error: jar:file:///usr/lib/firefox-esr/omni.ja!/components/PeerConnection.js, line 1813: TypeError: this._dompc._pc is undefined
JavaScript error: jar:file:///usr/lib/firefox-esr/omni.ja!/components/PeerConnection.js, line 1813: TypeError: this._dompc._pc is undefined
JavaScript error: jar:file:///usr/lib/firefox-esr/omni.ja!/components/PeerConnection.js, line 1813: TypeError: this._dompc._pc is undefined
console.log: Accessibility service init or shutdown observer does not exist.
*** UTM:SVC TimerManager:registerTimer called after profile-before-change notification. Ignoring timer registration for id: telemetry_modules_ping
1562770321758	mozrunner::runner	INFO	Running command: "/usr/bin/firefox" "-marionette" "-foreground" "-no-remote" "-profile" "/tmp/rust_mozprofile.gbxKVHeLfsmP"
1562770326840	Marionette	INFO	Listening on port 41023
1562770326881	Marionette	WARN	TLS certificate errors will be ignored for this session

(/usr/lib/firefox-esr/firefox-esr:22505): dconf-WARNING **: Unable to open /var/lib/snapd/desktop/dconf/profile/user: Permission denied
JavaScript error: jar:file:///usr/lib/firefox-esr/omni.ja!/components/PeerConnection.js, line 1813: TypeError: this._dompc._pc is undefined
JavaScript error: jar:file:///usr/lib/firefox-esr/omni.ja!/components/PeerConnection.js, line 1813: TypeError: this._dompc._pc is undefined
JavaScript error: jar:file:///usr/lib/firefox-esr/omni.ja!/components/PeerConnection.js, line 1813: TypeError: this._dompc._pc is undefined
JavaScript error: jar:file:///usr/lib/firefox-esr/omni.ja!/components/PeerConnection.js, line 1813: TypeError: this._dompc._pc is undefined
JavaScript error: jar:file:///usr/lib/firefox-esr/omni.ja!/components/PeerConnection.js, line 1813: TypeError: this._dompc._pc is undefined
JavaScript error: jar:file:///usr/lib/firefox-esr/omni.ja!/components/PeerConnection.js, line 1813: TypeError: this._dompc._pc is undefined
JavaScript error: jar:file:///usr/lib/firefox-esr/omni.ja!/components/PeerConnection.js, line 1813: TypeError: this._dompc._pc is undefined
JavaScript error: jar:file:///usr/lib/firefox-esr/omni.ja!/components/PeerConnection.js, line 1813: TypeError: this._dompc._pc is undefined
JavaScript error: jar:file:///usr/lib/firefox-esr/omni.ja!/components/PeerConnection.js, line 1813: TypeError: this._dompc._pc is undefined
JavaScript error: jar:file:///usr/lib/firefox-esr/omni.ja!/components/PeerConnection.js, line 1813: TypeError: this._dompc._pc is undefined
JavaScript error: jar:file:///usr/lib/firefox-esr/omni.ja!/components/PeerConnection.js, line 1813: TypeError: this._dompc._pc is undefined
JavaScript error: jar:file:///usr/lib/firefox-esr/omni.ja!/components/PeerConnection.js, line 1813: TypeError: this._dompc._pc is undefined
JavaScript error: jar:file:///usr/lib/firefox-esr/omni.ja!/components/PeerConnection.js, line 1813: TypeError: this._dompc._pc is undefined
JavaScript error: jar:file:///usr/lib/firefox-esr/omni.ja!/components/PeerConnection.js, line 1813: TypeError: this._dompc._pc is undefined
JavaScript error: jar:file:///usr/lib/firefox-esr/omni.ja!/components/PeerConnection.js, line 1813: TypeError: this._dompc._pc is undefined
JavaScript error: jar:file:///usr/lib/firefox-esr/omni.ja!/components/PeerConnection.js, line 1813: TypeError: this._dompc._pc is undefined
console.log: Accessibility service init or shutdown observer does not exist.
1562770547637	mozrunner::runner	INFO	Running command: "/usr/bin/firefox" "-marionette" "-foreground" "-no-remote" "-profile" "/tmp/rust_mozprofile.3kRXRot3Cgts"
1562770551820	Marionette	INFO	Listening on port 46537
1562770551858	Marionette	WARN	TLS certificate errors will be ignored for this session
1562770552024	mozrunner::runner	INFO	Running command: "/usr/bin/firefox" "-marionette" "-foreground" "-no-remote" "-profile" "/tmp/rust_mozprofile.EKdhheNYHl5Q"
1562770557676	Marionette	INFO	Listening on port 45391
1562770557765	Marionette	WARN	TLS certificate errors will be ignored for this session
1562770558408	mozrunner::runner	INFO	Running command: "/usr/bin/firefox" "-marionette" "-foreground" "-no-remote" "-profile" "/tmp/rust_mozprofile.OTueCXjUYvwV"
1562770564859	Marionette	INFO	Listening on port 34663
1562770564932	Marionette	WARN	TLS certificate errors will be ignored for this session
console.log: Accessibility service init or shutdown observer does not exist.
console.log: Accessibility service init or shutdown observer does not exist.
*** UTM:SVC TimerManager:registerTimer called after profile-before-change notification. Ignoring timer registration for id: telemetry_modules_ping
*** UTM:SVC TimerManager:registerTimer called after profile-before-change notification. Ignoring timer registration for id: telemetry_modules_ping
console.log: Accessibility service init or shutdown observer does not exist.
*** UTM:SVC TimerManager:registerTimer called after profile-before-change notification. Ignoring timer registration for id: telemetry_modules_ping
1562770590756	mozrunner::runner	INFO	Running command: "/usr/bin/firefox" "-marionette" "-foreground" "-no-remote" "-profile" "/tmp/rust_mozprofile.Ac3fBbxziOda"
1562770595142	Marionette	INFO	Listening on port 46153
1562770595242	Marionette	WARN	TLS certificate errors will be ignored for this session
1562770595385	mozrunner::runner	INFO	Running command: "/usr/bin/firefox" "-marionette" "-foreground" "-no-remote" "-profile" "/tmp/rust_mozprofile.axhrQNViyeHA"
1562770602324	Marionette	INFO	Listening on port 44385
1562770602425	Marionette	WARN	TLS certificate errors will be ignored for this session
1562770602655	mozrunner::runner	INFO	Running command: "/usr/bin/firefox" "-marionette" "-foreground" "-no-remote" "-profile" "/tmp/rust_mozprofile.jhJX0dvYYXwJ"
console.log: Accessibility service init or shutdown observer does not exist.
*** UTM:SVC TimerManager:registerTimer called after profile-before-change notification. Ignoring timer registration for id: telemetry_modules_ping
console.log: Accessibility service init or shutdown observer does not exist.
*** UTM:SVC TimerManager:registerTimer called after profile-before-change notification. Ignoring timer registration for id: telemetry_modules_ping
1562770610142	Marionette	INFO	Listening on port 42079
1562770610195	Marionette	WARN	TLS certificate errors will be ignored for this session

(/usr/lib/firefox-esr/firefox-esr:23591): dconf-WARNING **: Unable to open /var/lib/snapd/desktop/dconf/profile/user: Permission denied
JavaScript error: jar:file:///usr/lib/firefox-esr/omni.ja!/components/PeerConnection.js, line 1813: TypeError: this._dompc._pc is undefined
JavaScript error: jar:file:///usr/lib/firefox-esr/omni.ja!/components/PeerConnection.js, line 1813: TypeError: this._dompc._pc is undefined
JavaScript error: jar:file:///usr/lib/firefox-esr/omni.ja!/components/PeerConnection.js, line 1813: TypeError: this._dompc._pc is undefined
JavaScript error: jar:file:///usr/lib/firefox-esr/omni.ja!/components/PeerConnection.js, line 1813: TypeError: this._dompc._pc is undefined
JavaScript error: jar:file:///usr/lib/firefox-esr/omni.ja!/components/PeerConnection.js, line 1813: TypeError: this._dompc._pc is undefined
JavaScript error: jar:file:///usr/lib/firefox-esr/omni.ja!/components/PeerConnection.js, line 1813: TypeError: this._dompc._pc is undefined
JavaScript error: jar:file:///usr/lib/firefox-esr/omni.ja!/components/PeerConnection.js, line 1813: TypeError: this._dompc._pc is undefined
JavaScript error: jar:file:///usr/lib/firefox-esr/omni.ja!/components/PeerConnection.js, line 1813: TypeError: this._dompc._pc is undefined
JavaScript error: jar:file:///usr/lib/firefox-esr/omni.ja!/components/PeerConnection.js, line 1813: TypeError: this._dompc._pc is undefined
JavaScript error: jar:file:///usr/lib/firefox-esr/omni.ja!/components/PeerConnection.js, line 1813: TypeError: this._dompc._pc is undefined
JavaScript error: jar:file:///usr/lib/firefox-esr/omni.ja!/components/PeerConnection.js, line 1813: TypeError: this._dompc._pc is undefined
JavaScript error: jar:file:///usr/lib/firefox-esr/omni.ja!/components/PeerConnection.js, line 1813: TypeError: this._dompc._pc is undefined
JavaScript error: jar:file:///usr/lib/firefox-esr/omni.ja!/components/PeerConnection.js, line 1813: TypeError: this._dompc._pc is undefined
JavaScript error: jar:file:///usr/lib/firefox-esr/omni.ja!/components/PeerConnection.js, line 1813: TypeError: this._dompc._pc is undefined
JavaScript error: jar:file:///usr/lib/firefox-esr/omni.ja!/components/PeerConnection.js, line 1813: TypeError: this._dompc._pc is undefined
JavaScript error: jar:file:///usr/lib/firefox-esr/omni.ja!/components/PeerConnection.js, line 1813: TypeError: this._dompc._pc is undefined
console.log: Accessibility service init or shutdown observer does not exist.
*** UTM:SVC TimerManager:registerTimer called after profile-before-change notification. Ignoring timer registration for id: telemetry_modules_ping
1562770720374	mozrunner::runner	INFO	Running command: "/usr/bin/firefox" "-marionette" "-foreground" "-no-remote" "-profile" "/tmp/rust_mozprofile.nX1dBPu1RaHm"
1562770724866	Marionette	INFO	Listening on port 40757
1562770724903	Marionette	WARN	TLS certificate errors will be ignored for this session
1562770725085	mozrunner::runner	INFO	Running command: "/usr/bin/firefox" "-marionette" "-foreground" "-no-remote" "-profile" "/tmp/rust_mozprofile.3AeZf3bIS8kR"
1562770731333	Marionette	INFO	Listening on port 35623
1562770731413	Marionette	WARN	TLS certificate errors will be ignored for this session
1562770731616	mozrunner::runner	INFO	Running command: "/usr/bin/firefox" "-marionette" "-foreground" "-no-remote" "-profile" "/tmp/rust_mozprofile.1zQyTUQfzHf7"
1562770740406	Marionette	INFO	Listening on port 42603
1562770740458	Marionette	WARN	TLS certificate errors will be ignored for this session

(/usr/lib/firefox-esr/firefox-esr:24157): dconf-WARNING **: Unable to open /var/lib/snapd/desktop/dconf/profile/user: Permission denied
ATTENTION: default value of option force_s3tc_enable overridden by environment.
JavaScript error: jar:file:///usr/lib/firefox-esr/omni.ja!/components/PeerConnection.js, line 1813: TypeError: this._dompc._pc is undefined
console.log: Accessibility service init or shutdown observer does not exist.
*** UTM:SVC TimerManager:registerTimer called after profile-before-change notification. Ignoring timer registration for id: telemetry_modules_ping
JavaScript error: jar:file:///usr/lib/firefox-esr/omni.ja!/components/PeerConnection.js, line 1813: TypeError: this._dompc._pc is undefined
JavaScript error: jar:file:///usr/lib/firefox-esr/omni.ja!/components/PeerConnection.js, line 1813: TypeError: this._dompc._pc is undefined
JavaScript error: jar:file:///usr/lib/firefox-esr/omni.ja!/components/PeerConnection.js, line 1813: TypeError: this._dompc._pc is undefined
console.log: Accessibility service init or shutdown observer does not exist.
*** UTM:SVC TimerManager:registerTimer called after profile-before-change notification. Ignoring timer registration for id: telemetry_modules_ping
JavaScript error: jar:file:///usr/lib/firefox-esr/omni.ja!/components/PeerConnection.js, line 1813: TypeError: this._dompc._pc is undefined
JavaScript error: jar:file:///usr/lib/firefox-esr/omni.ja!/components/PeerConnection.js, line 1813: TypeError: this._dompc._pc is undefined
JavaScript error: jar:file:///usr/lib/firefox-esr/omni.ja!/components/PeerConnection.js, line 1813: TypeError: this._dompc._pc is undefined
JavaScript error: jar:file:///usr/lib/firefox-esr/omni.ja!/components/PeerConnection.js, line 1813: TypeError: this._dompc._pc is undefined
JavaScript error: jar:file:///usr/lib/firefox-esr/omni.ja!/components/PeerConnection.js, line 1813: TypeError: this._dompc._pc is undefined
JavaScript error: jar:file:///usr/lib/firefox-esr/omni.ja!/components/PeerConnection.js, line 1813: TypeError: this._dompc._pc is undefined
JavaScript error: jar:file:///usr/lib/firefox-esr/omni.ja!/components/PeerConnection.js, line 1813: TypeError: this._dompc._pc is undefined
JavaScript error: jar:file:///usr/lib/firefox-esr/omni.ja!/components/PeerConnection.js, line 1813: TypeError: this._dompc._pc is undefined
JavaScript error: jar:file:///usr/lib/firefox-esr/omni.ja!/components/PeerConnection.js, line 1813: TypeError: this._dompc._pc is undefined
JavaScript error: jar:file:///usr/lib/firefox-esr/omni.ja!/components/PeerConnection.js, line 1813: TypeError: this._dompc._pc is undefined
JavaScript error: jar:file:///usr/lib/firefox-esr/omni.ja!/components/PeerConnection.js, line 1813: TypeError: this._dompc._pc is undefined
JavaScript error: jar:file:///usr/lib/firefox-esr/omni.ja!/components/PeerConnection.js, line 1813: TypeError: this._dompc._pc is undefined
console.log: Accessibility service init or shutdown observer does not exist.
[Child 24157, Chrome_ChildThread] WARNING: pipe error (3): Connection reset by peer: file /build/firefox-esr-a3uW81/firefox-esr-60.7.2esr/ipc/chromium/src/chrome/common/ipc_channel_posix.cc, line 342
*** UTM:SVC TimerManager:registerTimer called after profile-before-change notification. Ignoring timer registration for id: telemetry_modules_ping
1562770775718	mozrunner::runner	INFO	Running command: "/usr/bin/firefox" "-marionette" "-foreground" "-no-remote" "-profile" "/tmp/rust_mozprofile.cHN1gJiA0z4o"
1562770788553	Marionette	INFO	Listening on port 43267
1562770788669	Marionette	WARN	TLS certificate errors will be ignored for this session

(/usr/lib/firefox-esr/firefox-esr:24351): dconf-WARNING **: Unable to open /var/lib/snapd/desktop/dconf/profile/user: Permission denied
JavaScript error: jar:file:///usr/lib/firefox-esr/omni.ja!/components/PeerConnection.js, line 1813: TypeError: this._dompc._pc is undefined
JavaScript error: jar:file:///usr/lib/firefox-esr/omni.ja!/components/PeerConnection.js, line 1813: TypeError: this._dompc._pc is undefined
JavaScript error: jar:file:///usr/lib/firefox-esr/omni.ja!/components/PeerConnection.js, line 1813: TypeError: this._dompc._pc is undefined
JavaScript error: jar:file:///usr/lib/firefox-esr/omni.ja!/components/PeerConnection.js, line 1813: TypeError: this._dompc._pc is undefined
JavaScript error: jar:file:///usr/lib/firefox-esr/omni.ja!/components/PeerConnection.js, line 1813: TypeError: this._dompc._pc is undefined
JavaScript error: jar:file:///usr/lib/firefox-esr/omni.ja!/components/PeerConnection.js, line 1813: TypeError: this._dompc._pc is undefined
JavaScript error: jar:file:///usr/lib/firefox-esr/omni.ja!/components/PeerConnection.js, line 1813: TypeError: this._dompc._pc is undefined
JavaScript error: jar:file:///usr/lib/firefox-esr/omni.ja!/components/PeerConnection.js, line 1813: TypeError: this._dompc._pc is undefined
JavaScript error: jar:file:///usr/lib/firefox-esr/omni.ja!/components/PeerConnection.js, line 1813: TypeError: this._dompc._pc is undefined
JavaScript error: jar:file:///usr/lib/firefox-esr/omni.ja!/components/PeerConnection.js, line 1813: TypeError: this._dompc._pc is undefined
JavaScript error: jar:file:///usr/lib/firefox-esr/omni.ja!/components/PeerConnection.js, line 1813: TypeError: this._dompc._pc is undefined
JavaScript error: jar:file:///usr/lib/firefox-esr/omni.ja!/components/PeerConnection.js, line 1813: TypeError: this._dompc._pc is undefined
JavaScript error: jar:file:///usr/lib/firefox-esr/omni.ja!/components/PeerConnection.js, line 1813: TypeError: this._dompc._pc is undefined
JavaScript error: jar:file:///usr/lib/firefox-esr/omni.ja!/components/PeerConnection.js, line 1813: TypeError: this._dompc._pc is undefined
JavaScript error: jar:file:///usr/lib/firefox-esr/omni.ja!/components/PeerConnection.js, line 1813: TypeError: this._dompc._pc is undefined
JavaScript error: jar:file:///usr/lib/firefox-esr/omni.ja!/components/PeerConnection.js, line 1813: TypeError: this._dompc._pc is undefined
console.log: Accessibility service init or shutdown observer does not exist.
*** UTM:SVC TimerManager:registerTimer called after profile-before-change notification. Ignoring timer registration for id: telemetry_modules_ping
1562770884012	mozrunner::runner	INFO	Running command: "/usr/bin/firefox" "-marionette" "-foreground" "-no-remote" "-profile" "/tmp/rust_mozprofile.xTQ1X5aTvsQU"
1562770889378	Marionette	INFO	Listening on port 33907
1562770889446	Marionette	WARN	TLS certificate errors will be ignored for this session
1562770889660	mozrunner::runner	INFO	Running command: "/usr/bin/firefox" "-marionette" "-foreground" "-no-remote" "-profile" "/tmp/rust_mozprofile.QWhWbRLlsg6u"
1562770896213	Marionette	INFO	Listening on port 46329
1562770896282	Marionette	WARN	TLS certificate errors will be ignored for this session
1562770896416	mozrunner::runner	INFO	Running command: "/usr/bin/firefox" "-marionette" "-foreground" "-no-remote" "-profile" "/tmp/rust_mozprofile.yP95Ygqsn2kM"
1562770902452	Marionette	INFO	Listening on port 35575
1562770902546	Marionette	WARN	TLS certificate errors will be ignored for this session
console.log: Accessibility service init or shutdown observer does not exist.
IPDL protocol error: Handler returned error code!

###!!! [Parent][DispatchAsyncMessage] Error: PLayerTransaction::Msg_ReleaseLayer Processing error: message was deserialized, but the handler returned false (indicating failure)

JavaScript error: https://yastatic.net/www/_/r/v/CGuaLoh1hYNLlpG1OVDTre14w.js, line 1: NS_ERROR_NOT_INITIALIZED: 
1562770906196	addons.xpi	WARN	Exception running bootstrap method shutdown on activity-stream@mozilla.org: [Exception... "Component returned failure code: 0x80004005 (NS_ERROR_FAILURE) [nsIObserverService.removeObserver]"  nsresult: "0x80004005 (NS_ERROR_FAILURE)"  location: "JS frame :: resource://activity-stream/lib/SnippetsFeed.jsm :: uninit :: line 185"  data: no] Stack trace: uninit()@resource://activity-stream/lib/SnippetsFeed.jsm:185
onAction()@resource://activity-stream/lib/SnippetsFeed.jsm:201
_middleware/</<()@resource://activity-stream/lib/Store.jsm:49
Store/this[method]()@resource://activity-stream/lib/Store.jsm:28
uninit()@resource://activity-stream/lib/Store.jsm:151
uninit()@resource://activity-stream/lib/ActivityStream.jsm:300
uninit()@resource://gre/modules/addons/XPIProvider.jsm -> jar:file:///usr/lib/firefox-esr/browser/features/activity-stream@mozilla.org.xpi!/bootstrap.js:73
shutdown()@resource://gre/modules/addons/XPIProvider.jsm -> jar:file:///usr/lib/firefox-esr/browser/features/activity-stream@mozilla.org.xpi!/bootstrap.js:169
callBootstrapMethod()@resource://gre/modules/addons/XPIProvider.jsm:4446
observe()@resource://gre/modules/addons/XPIProvider.jsm:2293
console.log: Accessibility service init or shutdown observer does not exist.
console.log: Accessibility service init or shutdown observer does not exist.
*** UTM:SVC TimerManager:registerTimer called after profile-before-change notification. Ignoring timer registration for id: telemetry_modules_ping
*** UTM:SVC TimerManager:registerTimer called after profile-before-change notification. Ignoring timer registration for id: telemetry_modules_ping
*** UTM:SVC TimerManager:registerTimer called after profile-before-change notification. Ignoring timer registration for id: telemetry_modules_ping
1562771822895	mozrunner::runner	INFO	Running command: "/usr/bin/firefox" "-marionette" "-foreground" "-no-remote" "-profile" "/tmp/rust_mozprofile.u0Z3KtM4YYrL"
1562771827251	Marionette	INFO	Listening on port 45015
1562771827325	Marionette	WARN	TLS certificate errors will be ignored for this session

(/usr/lib/firefox-esr/firefox-esr:26246): dconf-WARNING **: Unable to open /var/lib/snapd/desktop/dconf/profile/user: Permission denied
JavaScript error: jar:file:///usr/lib/firefox-esr/omni.ja!/components/PeerConnection.js, line 1813: TypeError: this._dompc._pc is undefined
JavaScript error: jar:file:///usr/lib/firefox-esr/omni.ja!/components/PeerConnection.js, line 1813: TypeError: this._dompc._pc is undefined
JavaScript error: jar:file:///usr/lib/firefox-esr/omni.ja!/components/PeerConnection.js, line 1813: TypeError: this._dompc._pc is undefined
JavaScript error: jar:file:///usr/lib/firefox-esr/omni.ja!/components/PeerConnection.js, line 1813: TypeError: this._dompc._pc is undefined
JavaScript error: jar:file:///usr/lib/firefox-esr/omni.ja!/components/PeerConnection.js, line 1813: TypeError: this._dompc._pc is undefined
JavaScript error: jar:file:///usr/lib/firefox-esr/omni.ja!/components/PeerConnection.js, line 1813: TypeError: this._dompc._pc is undefined
JavaScript error: jar:file:///usr/lib/firefox-esr/omni.ja!/components/PeerConnection.js, line 1813: TypeError: this._dompc._pc is undefined
JavaScript error: jar:file:///usr/lib/firefox-esr/omni.ja!/components/PeerConnection.js, line 1813: TypeError: this._dompc._pc is undefined
JavaScript error: jar:file:///usr/lib/firefox-esr/omni.ja!/components/PeerConnection.js, line 1813: TypeError: this._dompc._pc is undefined
JavaScript error: jar:file:///usr/lib/firefox-esr/omni.ja!/components/PeerConnection.js, line 1813: TypeError: this._dompc._pc is undefined
JavaScript error: jar:file:///usr/lib/firefox-esr/omni.ja!/components/PeerConnection.js, line 1813: TypeError: this._dompc._pc is undefined
JavaScript error: jar:file:///usr/lib/firefox-esr/omni.ja!/components/PeerConnection.js, line 1813: TypeError: this._dompc._pc is undefined
JavaScript error: jar:file:///usr/lib/firefox-esr/omni.ja!/components/PeerConnection.js, line 1813: TypeError: this._dompc._pc is undefined
JavaScript error: jar:file:///usr/lib/firefox-esr/omni.ja!/components/PeerConnection.js, line 1813: TypeError: this._dompc._pc is undefined
JavaScript error: jar:file:///usr/lib/firefox-esr/omni.ja!/components/PeerConnection.js, line 1813: TypeError: this._dompc._pc is undefined
JavaScript error: jar:file:///usr/lib/firefox-esr/omni.ja!/components/PeerConnection.js, line 1813: TypeError: this._dompc._pc is undefined
JavaScript error: jar:file:///usr/lib/firefox-esr/omni.ja!/components/PeerConnection.js, line 1813: TypeError: this._dompc._pc is undefined
console.log: Accessibility service init or shutdown observer does not exist.

###!!! [Child][MessageChannel] Error: (msgtype=0x490007,name=PHttpChannel::Msg_Redirect2Verify) Channel closing: too late to send/recv, messages will be lost

*** UTM:SVC TimerManager:registerTimer called after profile-before-change notification. Ignoring timer registration for id: telemetry_modules_ping
1562771871640	mozrunner::runner	INFO	Running command: "/usr/bin/firefox" "-marionette" "-foreground" "-no-remote" "-profile" "/tmp/rust_mozprofile.X5JUMSBQMpJa"
1562771875868	Marionette	INFO	Listening on port 35711
1562771875957	Marionette	WARN	TLS certificate errors will be ignored for this session

(/usr/lib/firefox-esr/firefox-esr:26485): dconf-WARNING **: Unable to open /var/lib/snapd/desktop/dconf/profile/user: Permission denied
JavaScript error: jar:file:///usr/lib/firefox-esr/omni.ja!/components/PeerConnection.js, line 1813: TypeError: this._dompc._pc is undefined
JavaScript error: jar:file:///usr/lib/firefox-esr/omni.ja!/components/PeerConnection.js, line 1813: TypeError: this._dompc._pc is undefined
JavaScript error: jar:file:///usr/lib/firefox-esr/omni.ja!/components/PeerConnection.js, line 1813: TypeError: this._dompc._pc is undefined
JavaScript error: jar:file:///usr/lib/firefox-esr/omni.ja!/components/PeerConnection.js, line 1813: TypeError: this._dompc._pc is undefined
JavaScript error: jar:file:///usr/lib/firefox-esr/omni.ja!/components/PeerConnection.js, line 1813: TypeError: this._dompc._pc is undefined
JavaScript error: jar:file:///usr/lib/firefox-esr/omni.ja!/components/PeerConnection.js, line 1813: TypeError: this._dompc._pc is undefined
JavaScript error: jar:file:///usr/lib/firefox-esr/omni.ja!/components/PeerConnection.js, line 1813: TypeError: this._dompc._pc is undefined
JavaScript error: jar:file:///usr/lib/firefox-esr/omni.ja!/components/PeerConnection.js, line 1813: TypeError: this._dompc._pc is undefined
JavaScript error: jar:file:///usr/lib/firefox-esr/omni.ja!/components/PeerConnection.js, line 1813: TypeError: this._dompc._pc is undefined
JavaScript error: jar:file:///usr/lib/firefox-esr/omni.ja!/components/PeerConnection.js, line 1813: TypeError: this._dompc._pc is undefined
JavaScript error: jar:file:///usr/lib/firefox-esr/omni.ja!/components/PeerConnection.js, line 1813: TypeError: this._dompc._pc is undefined
JavaScript error: jar:file:///usr/lib/firefox-esr/omni.ja!/components/PeerConnection.js, line 1813: TypeError: this._dompc._pc is undefined
JavaScript error: jar:file:///usr/lib/firefox-esr/omni.ja!/components/PeerConnection.js, line 1813: TypeError: this._dompc._pc is undefined
JavaScript error: jar:file:///usr/lib/firefox-esr/omni.ja!/components/PeerConnection.js, line 1813: TypeError: this._dompc._pc is undefined
JavaScript error: jar:file:///usr/lib/firefox-esr/omni.ja!/components/PeerConnection.js, line 1813: TypeError: this._dompc._pc is undefined
JavaScript error: jar:file:///usr/lib/firefox-esr/omni.ja!/components/PeerConnection.js, line 1813: TypeError: this._dompc._pc is undefined
JavaScript error: jar:file:///usr/lib/firefox-esr/omni.ja!/components/PeerConnection.js, line 1813: TypeError: this._dompc._pc is undefined
JavaScript error: jar:file:///usr/lib/firefox-esr/omni.ja!/components/PeerConnection.js, line 1813: TypeError: this._dompc._pc is undefined
JavaScript error: jar:file:///usr/lib/firefox-esr/omni.ja!/components/PeerConnection.js, line 1813: TypeError: this._dompc._pc is undefined
console.log: Accessibility service init or shutdown observer does not exist.
*** UTM:SVC TimerManager:registerTimer called after profile-before-change notification. Ignoring timer registration for id: telemetry_modules_ping
1562772060248	mozrunner::runner	INFO	Running command: "/usr/bin/firefox" "-marionette" "-foreground" "-no-remote" "-profile" "/tmp/rust_mozprofile.BCnXTi08PriB"
1562772064528	Marionette	INFO	Listening on port 33735
1562772064582	Marionette	WARN	TLS certificate errors will be ignored for this session

(/usr/lib/firefox-esr/firefox-esr:26942): dconf-WARNING **: Unable to open /var/lib/snapd/desktop/dconf/profile/user: Permission denied
JavaScript error: jar:file:///usr/lib/firefox-esr/omni.ja!/components/PeerConnection.js, line 1813: TypeError: this._dompc._pc is undefined
console.log: Accessibility service init or shutdown observer does not exist.
1562772328093	mozrunner::runner	INFO	Running command: "/usr/bin/firefox" "-marionette" "-foreground" "-no-remote" "-profile" "/tmp/rust_mozprofile.tR41hlO88DyY"
1562772332509	Marionette	INFO	Listening on port 40853
1562772332523	Marionette	WARN	TLS certificate errors will be ignored for this session

(/usr/lib/firefox-esr/firefox-esr:27355): dconf-WARNING **: Unable to open /var/lib/snapd/desktop/dconf/profile/user: Permission denied
JavaScript error: jar:file:///usr/lib/firefox-esr/omni.ja!/components/PeerConnection.js, line 1813: TypeError: this._dompc._pc is undefined
JavaScript error: jar:file:///usr/lib/firefox-esr/omni.ja!/components/PeerConnection.js, line 1813: TypeError: this._dompc._pc is undefined
JavaScript error: jar:file:///usr/lib/firefox-esr/omni.ja!/components/PeerConnection.js, line 1813: TypeError: this._dompc._pc is undefined
JavaScript error: jar:file:///usr/lib/firefox-esr/omni.ja!/components/PeerConnection.js, line 1813: TypeError: this._dompc._pc is undefined
JavaScript error: jar:file:///usr/lib/firefox-esr/omni.ja!/components/PeerConnection.js, line 1813: TypeError: this._dompc._pc is undefined
JavaScript error: jar:file:///usr/lib/firefox-esr/omni.ja!/components/PeerConnection.js, line 1813: TypeError: this._dompc._pc is undefined
JavaScript error: jar:file:///usr/lib/firefox-esr/omni.ja!/components/PeerConnection.js, line 1813: TypeError: this._dompc._pc is undefined
JavaScript error: jar:file:///usr/lib/firefox-esr/omni.ja!/components/PeerConnection.js, line 1813: TypeError: this._dompc._pc is undefined
JavaScript error: jar:file:///usr/lib/firefox-esr/omni.ja!/components/PeerConnection.js, line 1813: TypeError: this._dompc._pc is undefined
JavaScript error: jar:file:///usr/lib/firefox-esr/omni.ja!/components/PeerConnection.js, line 1813: TypeError: this._dompc._pc is undefined
JavaScript error: jar:file:///usr/lib/firefox-esr/omni.ja!/components/PeerConnection.js, line 1813: TypeError: this._dompc._pc is undefined
JavaScript error: jar:file:///usr/lib/firefox-esr/omni.ja!/components/PeerConnection.js, line 1813: TypeError: this._dompc._pc is undefined
JavaScript error: jar:file:///usr/lib/firefox-esr/omni.ja!/components/PeerConnection.js, line 1813: TypeError: this._dompc._pc is undefined
JavaScript error: jar:file:///usr/lib/firefox-esr/omni.ja!/components/PeerConnection.js, line 1813: TypeError: this._dompc._pc is undefined
JavaScript error: jar:file:///usr/lib/firefox-esr/omni.ja!/components/PeerConnection.js, line 1813: TypeError: this._dompc._pc is undefined
JavaScript error: jar:file:///usr/lib/firefox-esr/omni.ja!/components/PeerConnection.js, line 1813: TypeError: this._dompc._pc is undefined
console.log: Accessibility service init or shutdown observer does not exist.
*** UTM:SVC TimerManager:registerTimer called after profile-before-change notification. Ignoring timer registration for id: telemetry_modules_ping
1562772365208	mozrunner::runner	INFO	Running command: "/usr/bin/firefox" "-marionette" "-foreground" "-no-remote" "-profile" "/tmp/rust_mozprofile.YAYpQzuyFkUX"
1562772370888	Marionette	INFO	Listening on port 35195
1562772370935	Marionette	WARN	TLS certificate errors will be ignored for this session

(/usr/lib/firefox-esr/firefox-esr:27540): dconf-WARNING **: Unable to open /var/lib/snapd/desktop/dconf/profile/user: Permission denied
JavaScript error: jar:file:///usr/lib/firefox-esr/omni.ja!/components/PeerConnection.js, line 1813: TypeError: this._dompc._pc is undefined
JavaScript error: jar:file:///usr/lib/firefox-esr/omni.ja!/components/PeerConnection.js, line 1813: TypeError: this._dompc._pc is undefined
JavaScript error: jar:file:///usr/lib/firefox-esr/omni.ja!/components/PeerConnection.js, line 1813: TypeError: this._dompc._pc is undefined
JavaScript error: jar:file:///usr/lib/firefox-esr/omni.ja!/components/PeerConnection.js, line 1813: TypeError: this._dompc._pc is undefined
JavaScript error: jar:file:///usr/lib/firefox-esr/omni.ja!/components/PeerConnection.js, line 1813: TypeError: this._dompc._pc is undefined
JavaScript error: jar:file:///usr/lib/firefox-esr/omni.ja!/components/PeerConnection.js, line 1813: TypeError: this._dompc._pc is undefined
JavaScript error: jar:file:///usr/lib/firefox-esr/omni.ja!/components/PeerConnection.js, line 1813: TypeError: this._dompc._pc is undefined
JavaScript error: jar:file:///usr/lib/firefox-esr/omni.ja!/components/PeerConnection.js, line 1813: TypeError: this._dompc._pc is undefined
JavaScript error: jar:file:///usr/lib/firefox-esr/omni.ja!/components/PeerConnection.js, line 1813: TypeError: this._dompc._pc is undefined
JavaScript error: jar:file:///usr/lib/firefox-esr/omni.ja!/components/PeerConnection.js, line 1813: TypeError: this._dompc._pc is undefined
JavaScript error: jar:file:///usr/lib/firefox-esr/omni.ja!/components/PeerConnection.js, line 1813: TypeError: this._dompc._pc is undefined
JavaScript error: jar:file:///usr/lib/firefox-esr/omni.ja!/components/PeerConnection.js, line 1813: TypeError: this._dompc._pc is undefined
JavaScript error: jar:file:///usr/lib/firefox-esr/omni.ja!/components/PeerConnection.js, line 1813: TypeError: this._dompc._pc is undefined
JavaScript error: jar:file:///usr/lib/firefox-esr/omni.ja!/components/PeerConnection.js, line 1813: TypeError: this._dompc._pc is undefined
JavaScript error: jar:file:///usr/lib/firefox-esr/omni.ja!/components/PeerConnection.js, line 1813: TypeError: this._dompc._pc is undefined
JavaScript error: jar:file:///usr/lib/firefox-esr/omni.ja!/components/PeerConnection.js, line 1813: TypeError: this._dompc._pc is undefined
JavaScript error: jar:file:///usr/lib/firefox-esr/omni.ja!/components/PeerConnection.js, line 1813: TypeError: this._dompc._pc is undefined
JavaScript error: jar:file:///usr/lib/firefox-esr/omni.ja!/components/PeerConnection.js, line 1813: TypeError: this._dompc._pc is undefined
console.log: Accessibility service init or shutdown observer does not exist.
*** UTM:SVC TimerManager:registerTimer called after profile-before-change notification. Ignoring timer registration for id: telemetry_modules_ping
1562773372208	mozrunner::runner	INFO	Running command: "/usr/bin/firefox" "-marionette" "-foreground" "-no-remote" "-profile" "/tmp/rust_mozprofile.zp9MP6awTlJ3"
1562773376492	Marionette	INFO	Listening on port 39819
1562773376528	Marionette	WARN	TLS certificate errors will be ignored for this session

(/usr/lib/firefox-esr/firefox-esr:28738): dconf-WARNING **: Unable to open /var/lib/snapd/desktop/dconf/profile/user: Permission denied
JavaScript error: jar:file:///usr/lib/firefox-esr/omni.ja!/components/PeerConnection.js, line 1813: TypeError: this._dompc._pc is undefined
JavaScript error: jar:file:///usr/lib/firefox-esr/omni.ja!/components/PeerConnection.js, line 1813: TypeError: this._dompc._pc is undefined
JavaScript error: jar:file:///usr/lib/firefox-esr/omni.ja!/components/PeerConnection.js, line 1813: TypeError: this._dompc._pc is undefined
JavaScript error: jar:file:///usr/lib/firefox-esr/omni.ja!/components/PeerConnection.js, line 1813: TypeError: this._dompc._pc is undefined
JavaScript error: jar:file:///usr/lib/firefox-esr/omni.ja!/components/PeerConnection.js, line 1813: TypeError: this._dompc._pc is undefined
JavaScript error: jar:file:///usr/lib/firefox-esr/omni.ja!/components/PeerConnection.js, line 1813: TypeError: this._dompc._pc is undefined
JavaScript error: jar:file:///usr/lib/firefox-esr/omni.ja!/components/PeerConnection.js, line 1813: TypeError: this._dompc._pc is undefined
JavaScript error: jar:file:///usr/lib/firefox-esr/omni.ja!/components/PeerConnection.js, line 1813: TypeError: this._dompc._pc is undefined
JavaScript error: jar:file:///usr/lib/firefox-esr/omni.ja!/components/PeerConnection.js, line 1813: TypeError: this._dompc._pc is undefined
JavaScript error: jar:file:///usr/lib/firefox-esr/omni.ja!/components/PeerConnection.js, line 1813: TypeError: this._dompc._pc is undefined
JavaScript error: jar:file:///usr/lib/firefox-esr/omni.ja!/components/PeerConnection.js, line 1813: TypeError: this._dompc._pc is undefined
JavaScript error: jar:file:///usr/lib/firefox-esr/omni.ja!/components/PeerConnection.js, line 1813: TypeError: this._dompc._pc is undefined
JavaScript error: jar:file:///usr/lib/firefox-esr/omni.ja!/components/PeerConnection.js, line 1813: TypeError: this._dompc._pc is undefined
JavaScript error: jar:file:///usr/lib/firefox-esr/omni.ja!/components/PeerConnection.js, line 1813: TypeError: this._dompc._pc is undefined
JavaScript error: jar:file:///usr/lib/firefox-esr/omni.ja!/components/PeerConnection.js, line 1813: TypeError: this._dompc._pc is undefined
JavaScript error: jar:file:///usr/lib/firefox-esr/omni.ja!/components/PeerConnection.js, line 1813: TypeError: this._dompc._pc is undefined
JavaScript error: jar:file:///usr/lib/firefox-esr/omni.ja!/components/PeerConnection.js, line 1813: TypeError: this._dompc._pc is undefined
console.log: Accessibility service init or shutdown observer does not exist.

###!!! [Child][RunMessage] Error: Channel closing: too late to send/recv, messages will be lost

*** UTM:SVC TimerManager:registerTimer called after profile-before-change notification. Ignoring timer registration for id: telemetry_modules_ping
1562773416109	mozrunner::runner	INFO	Running command: "/usr/bin/firefox" "-marionette" "-foreground" "-no-remote" "-profile" "/tmp/rust_mozprofile.75sBx65VN4pb"
1562773421626	Marionette	INFO	Listening on port 42743
1562773421730	Marionette	WARN	TLS certificate errors will be ignored for this session

(/usr/lib/firefox-esr/firefox-esr:28933): dconf-WARNING **: Unable to open /var/lib/snapd/desktop/dconf/profile/user: Permission denied
JavaScript error: jar:file:///usr/lib/firefox-esr/omni.ja!/components/PeerConnection.js, line 1813: TypeError: this._dompc._pc is undefined
JavaScript error: jar:file:///usr/lib/firefox-esr/omni.ja!/components/PeerConnection.js, line 1813: TypeError: this._dompc._pc is undefined
JavaScript error: jar:file:///usr/lib/firefox-esr/omni.ja!/components/PeerConnection.js, line 1813: TypeError: this._dompc._pc is undefined
JavaScript error: jar:file:///usr/lib/firefox-esr/omni.ja!/components/PeerConnection.js, line 1813: TypeError: this._dompc._pc is undefined
JavaScript error: jar:file:///usr/lib/firefox-esr/omni.ja!/components/PeerConnection.js, line 1813: TypeError: this._dompc._pc is undefined
JavaScript error: jar:file:///usr/lib/firefox-esr/omni.ja!/components/PeerConnection.js, line 1813: TypeError: this._dompc._pc is undefined
JavaScript error: jar:file:///usr/lib/firefox-esr/omni.ja!/components/PeerConnection.js, line 1813: TypeError: this._dompc._pc is undefined
JavaScript error: jar:file:///usr/lib/firefox-esr/omni.ja!/components/PeerConnection.js, line 1813: TypeError: this._dompc._pc is undefined
JavaScript error: jar:file:///usr/lib/firefox-esr/omni.ja!/components/PeerConnection.js, line 1813: TypeError: this._dompc._pc is undefined
JavaScript error: jar:file:///usr/lib/firefox-esr/omni.ja!/components/PeerConnection.js, line 1813: TypeError: this._dompc._pc is undefined
JavaScript error: jar:file:///usr/lib/firefox-esr/omni.ja!/components/PeerConnection.js, line 1813: TypeError: this._dompc._pc is undefined
JavaScript error: jar:file:///usr/lib/firefox-esr/omni.ja!/components/PeerConnection.js, line 1813: TypeError: this._dompc._pc is undefined
JavaScript error: jar:file:///usr/lib/firefox-esr/omni.ja!/components/PeerConnection.js, line 1813: TypeError: this._dompc._pc is undefined
JavaScript error: jar:file:///usr/lib/firefox-esr/omni.ja!/components/PeerConnection.js, line 1813: TypeError: this._dompc._pc is undefined
JavaScript error: jar:file:///usr/lib/firefox-esr/omni.ja!/components/PeerConnection.js, line 1813: TypeError: this._dompc._pc is undefined
JavaScript error: jar:file:///usr/lib/firefox-esr/omni.ja!/components/PeerConnection.js, line 1813: TypeError: this._dompc._pc is undefined
JavaScript error: jar:file:///usr/lib/firefox-esr/omni.ja!/components/PeerConnection.js, line 1813: TypeError: this._dompc._pc is undefined
JavaScript error: jar:file:///usr/lib/firefox-esr/omni.ja!/components/PeerConnection.js, line 1813: TypeError: this._dompc._pc is undefined
console.log: Accessibility service init or shutdown observer does not exist.
*** UTM:SVC TimerManager:registerTimer called after profile-before-change notification. Ignoring timer registration for id: telemetry_modules_ping
